"../../../Engine/Content/Functions/Engine_MaterialFunctions01/Shading/PowerToRoughness.uasset" 0
"../../../Engine/Content/Functions/Engine_MaterialFunctions01/Shading/PowerToRoughness.uexp" 1
"../../../Engine/Content/Functions/Engine_MaterialFunctions01/Shading/ConvertFromDiffSpec.uasset" 2
"../../../Engine/Content/Functions/Engine_MaterialFunctions01/Shading/ConvertFromDiffSpec.uexp" 3
"../../../Engine/Content/EngineSounds/Master.uasset" 4
"../../../Engine/Content/EngineSounds/Master.uexp" 5
"../../../Engine/Content/EngineSky/T_Sky_Stars.ubulk" 6
"../../../Engine/Content/EngineSky/T_Sky_Stars.uasset" 7
"../../../Engine/Content/EngineSky/T_Sky_Stars.uexp" 8
"../../../Engine/Content/EngineSky/T_Sky_Clouds_M.ubulk" 9
"../../../Engine/Content/EngineSky/T_Sky_Clouds_M.uasset" 10
"../../../Engine/Content/EngineSky/T_Sky_Clouds_M.uexp" 11
"../../../Engine/Content/EngineSky/T_Sky_Blue.ubulk" 12
"../../../Engine/Content/EngineSky/T_Sky_Blue.uasset" 13
"../../../Engine/Content/EngineSky/T_Sky_Blue.uexp" 14
"../../../Engine/Content/EngineSky/M_Sky_Panning_Clouds2.uasset" 15
"../../../Engine/Content/EngineSky/M_Sky_Panning_Clouds2.uexp" 16
"../../../Engine/Content/EngineSky/SM_SkySphere.ubulk" 17
"../../../Engine/Content/EngineSky/SM_SkySphere.uasset" 18
"../../../Engine/Content/EngineSky/SM_SkySphere.uexp" 19
"../../../Engine/Content/EngineSky/M_SimpleSkyDome.uasset" 20
"../../../Engine/Content/EngineSky/M_SimpleSkyDome.uexp" 21
"../../../Engine/Content/EngineSky/VolumetricClouds/CloudWeatherTexture.uasset" 22
"../../../Engine/Content/EngineSky/VolumetricClouds/CloudWeatherTexture.uexp" 23
"../../../Engine/Content/Functions/Engine_MaterialFunctions02/Utility/MakeFloat2.uasset" 24
"../../../Engine/Content/Functions/Engine_MaterialFunctions02/Utility/MakeFloat2.uexp" 25
"../../../Engine/Content/EngineSky/VolumetricClouds/CloudGradientTexture.uasset" 26
"../../../Engine/Content/EngineSky/VolumetricClouds/CloudGradientTexture.uexp" 27
"../../../Engine/Content/EngineSky/VolumetricClouds/T_NoiseShape64.ubulk" 28
"../../../Engine/Content/EngineSky/VolumetricClouds/T_NoiseShape64.uasset" 29
"../../../Engine/Content/EngineSky/VolumetricClouds/T_NoiseShape64.uexp" 30
"../../../Engine/Content/EngineSky/VolumetricClouds/T_VolumeNoiseShape64.uasset" 31
"../../../Engine/Content/EngineSky/VolumetricClouds/T_VolumeNoiseShape64.uexp" 32
"../../../Engine/Content/EngineSky/VolumetricClouds/T_NoiseErosion.ubulk" 33
"../../../Engine/Content/EngineSky/VolumetricClouds/T_NoiseErosion.uasset" 34
"../../../Engine/Content/EngineSky/VolumetricClouds/T_NoiseErosion.uexp" 35
"../../../Engine/Content/EngineSky/VolumetricClouds/T_VolumeNoiseErosion32.uasset" 36
"../../../Engine/Content/EngineSky/VolumetricClouds/T_VolumeNoiseErosion32.uexp" 37
"../../../Engine/Content/EngineSky/VolumetricClouds/m_SimpleVolumetricCloud.uasset" 38
"../../../Engine/Content/EngineSky/VolumetricClouds/m_SimpleVolumetricCloud.uexp" 39
"../../../Engine/Content/EngineSky/VolumetricClouds/m_SimpleVolumetricCloud_Inst.uasset" 40
"../../../Engine/Content/EngineSky/VolumetricClouds/m_SimpleVolumetricCloud_Inst.uexp" 41
"../../../Engine/Content/EngineResources/GradientTexture0.uasset" 42
"../../../Engine/Content/EngineResources/GradientTexture0.uexp" 43
"../../../Engine/Content/EngineResources/DefaultVolumeTexture2D.uasset" 44
"../../../Engine/Content/EngineResources/DefaultVolumeTexture2D.uexp" 45
"../../../Engine/Content/EngineResources/DefaultVolumeTexture.uasset" 46
"../../../Engine/Content/EngineResources/DefaultVolumeTexture.uexp" 47
"../../../Engine/Content/EngineResources/DefaultTextureCube.uasset" 48
"../../../Engine/Content/EngineResources/DefaultTextureCube.uexp" 49
"../../../Engine/Content/EngineResources/DefaultTexture.ubulk" 50
"../../../Engine/Content/EngineResources/DefaultTexture.uasset" 51
"../../../Engine/Content/EngineResources/DefaultTexture.uexp" 52
"../../../Engine/Content/EngineResources/Black.uasset" 53
"../../../Engine/Content/EngineResources/Black.uexp" 54
"../../../Engine/Content/EngineResources/FilmGrains/Marcie_Grain_v3_128_M2_000.uasset" 55
"../../../Engine/Content/EngineResources/FilmGrains/Marcie_Grain_v3_128_M2_000.uexp" 56
"../../../Engine/Content/EngineMeshes/Sphere.ubulk" 57
"../../../Engine/Content/EngineMeshes/Sphere.uasset" 58
"../../../Engine/Content/EngineMeshes/Sphere.uexp" 59
"../../../Engine/Content/EngineResources/WhiteSquareTexture.uasset" 60
"../../../Engine/Content/EngineResources/WhiteSquareTexture.uexp" 61
"../../../Engine/Content/EngineMaterials/Widget3DPassThrough.uasset" 62
"../../../Engine/Content/EngineMaterials/Widget3DPassThrough.uexp" 63
"../../../Engine/Content/EngineMaterials/Widget3DPassThrough_Translucent.uasset" 64
"../../../Engine/Content/EngineMaterials/Widget3DPassThrough_Translucent.uexp" 65
"../../../Engine/Content/EngineMaterials/Widget3DPassThrough_Translucent_OneSided.uasset" 66
"../../../Engine/Content/EngineMaterials/Widget3DPassThrough_Translucent_OneSided.uexp" 67
"../../../Engine/Content/EngineMaterials/Widget3DPassThrough_Opaque.uasset" 68
"../../../Engine/Content/EngineMaterials/Widget3DPassThrough_Opaque.uexp" 69
"../../../Engine/Content/EngineMaterials/Widget3DPassThrough_Opaque_OneSided.uasset" 70
"../../../Engine/Content/EngineMaterials/Widget3DPassThrough_Opaque_OneSided.uexp" 71
"../../../Engine/Content/EngineMaterials/Widget3DPassThrough_Masked_OneSided.uasset" 72
"../../../Engine/Content/EngineMaterials/Widget3DPassThrough_Masked_OneSided.uexp" 73
"../../../Engine/Content/EngineMaterials/Widget3DPassThrough_Masked.uasset" 74
"../../../Engine/Content/EngineMaterials/Widget3DPassThrough_Masked.uexp" 75
"../../../Engine/Content/EngineMaterials/WeightMapPlaceholderTexture.uasset" 76
"../../../Engine/Content/EngineMaterials/WeightMapPlaceholderTexture.uexp" 77
"../../../Engine/Content/EngineMaterials/RemoveSurfaceMaterial.uasset" 78
"../../../Engine/Content/EngineMaterials/RemoveSurfaceMaterial.uexp" 79
"../../../Engine/Content/EngineMaterials/PreintegratedSkinBRDF.uasset" 80
"../../../Engine/Content/EngineMaterials/PreintegratedSkinBRDF.uexp" 81
"../../../Engine/Content/EngineMaterials/DefaultCalibrationGrayscale.uasset" 82
"../../../Engine/Content/EngineMaterials/DefaultCalibrationGrayscale.uexp" 83
"../../../Engine/Content/EngineMaterials/PPM_DefaultCalibrationGrayscale.uasset" 84
"../../../Engine/Content/EngineMaterials/PPM_DefaultCalibrationGrayscale.uexp" 85
"../../../Engine/Content/EngineMaterials/DefaultCalibrationColor.uasset" 86
"../../../Engine/Content/EngineMaterials/DefaultCalibrationColor.uexp" 87
"../../../Engine/Content/EngineMaterials/PPM_DefaultCalibrationColor.uasset" 88
"../../../Engine/Content/EngineMaterials/PPM_DefaultCalibrationColor.uexp" 89
"../../../Engine/Content/Functions/Engine_MaterialFunctions02/WorldPositionOffset/CameraOffset.uasset" 90
"../../../Engine/Content/Functions/Engine_MaterialFunctions02/WorldPositionOffset/CameraOffset.uexp" 91
"../../../Engine/Content/EngineMaterials/PhAT_JointLimitMaterial.uasset" 92
"../../../Engine/Content/EngineMaterials/PhAT_JointLimitMaterial.uexp" 93
"../../../Engine/Content/EngineMaterials/InvalidLightmapSettings.ubulk" 94
"../../../Engine/Content/EngineMaterials/InvalidLightmapSettings.uasset" 95
"../../../Engine/Content/EngineMaterials/InvalidLightmapSettings.uexp" 96
"../../../Engine/Content/EngineMaterials/M_InvalidLightmapSettings.uasset" 97
"../../../Engine/Content/EngineMaterials/M_InvalidLightmapSettings.uexp" 98
"../../../Engine/Content/EngineMaterials/MiniFont.uasset" 99
"../../../Engine/Content/EngineMaterials/MiniFont.uexp" 100
"../../../Engine/Content/EngineMaterials/Good64x64TilingNoiseHighFreq.uasset" 101
"../../../Engine/Content/EngineMaterials/Good64x64TilingNoiseHighFreq.uexp" 102
"../../../Engine/Content/EngineMaterials/GizmoMaterial.uasset" 103
"../../../Engine/Content/EngineMaterials/GizmoMaterial.uexp" 104
"../../../Engine/Content/EngineMaterials/BaseFlattenEmissiveMap_VT.uasset" 105
"../../../Engine/Content/EngineMaterials/BaseFlattenEmissiveMap_VT.uexp" 106
"../../../Engine/Content/EngineMaterials/BaseFlattenGrayscaleMap_VT.uasset" 107
"../../../Engine/Content/EngineMaterials/BaseFlattenGrayscaleMap_VT.uexp" 108
"../../../Engine/Content/EngineMaterials/BaseFlattenLinearColor_VT.uasset" 109
"../../../Engine/Content/EngineMaterials/BaseFlattenLinearColor_VT.uexp" 110
"../../../Engine/Content/EngineMaterials/Black_1x1_EXR_Texture_VT.uasset" 111
"../../../Engine/Content/EngineMaterials/Black_1x1_EXR_Texture_VT.uexp" 112
"../../../Engine/Content/EngineMaterials/BaseFlattenDiffuseMap_VT.uasset" 113
"../../../Engine/Content/EngineMaterials/BaseFlattenDiffuseMap_VT.uexp" 114
"../../../Engine/Content/EngineMaterials/BaseFlattenNormalMap_VT.uasset" 115
"../../../Engine/Content/EngineMaterials/BaseFlattenNormalMap_VT.uexp" 116
"../../../Engine/Content/EngineMaterials/FlattenMaterial_WS_Normal_VT.uasset" 117
"../../../Engine/Content/EngineMaterials/FlattenMaterial_WS_Normal_VT.uexp" 118
"../../../Engine/Content/EngineMaterials/FlattenMaterial_VT.uasset" 119
"../../../Engine/Content/EngineMaterials/FlattenMaterial_VT.uexp" 120
"../../../Engine/Content/EngineMaterials/BaseFlattenNormalMap.uasset" 121
"../../../Engine/Content/EngineMaterials/BaseFlattenNormalMap.uexp" 122
"../../../Engine/Content/EngineMaterials/BaseFlattenGrayscaleMap.uasset" 123
"../../../Engine/Content/EngineMaterials/BaseFlattenGrayscaleMap.uexp" 124
"../../../Engine/Content/EngineMaterials/BaseFlattenDiffuseMap.uasset" 125
"../../../Engine/Content/EngineMaterials/BaseFlattenDiffuseMap.uexp" 126
"../../../Engine/Content/Functions/Engine_MaterialFunctions02/PivotPainter2/Black_1x1_EXR_Texture.uasset" 127
"../../../Engine/Content/Functions/Engine_MaterialFunctions02/PivotPainter2/Black_1x1_EXR_Texture.uexp" 128
"../../../Engine/Content/EngineMaterials/BaseFlattenEmissiveMap.uasset" 129
"../../../Engine/Content/EngineMaterials/BaseFlattenEmissiveMap.uexp" 130
"../../../Engine/Content/EngineMaterials/BaseFlattenLinearColor.uasset" 131
"../../../Engine/Content/EngineMaterials/BaseFlattenLinearColor.uexp" 132
"../../../Engine/Content/EngineMaterials/FlattenMaterial.uasset" 133
"../../../Engine/Content/EngineMaterials/FlattenMaterial.uexp" 134
"../../../Engine/Content/EngineMaterials/DefaultWhiteGrid_Low.uasset" 135
"../../../Engine/Content/EngineMaterials/DefaultWhiteGrid_Low.uexp" 136
"../../../Engine/Content/EngineMaterials/EmissiveMeshMaterial.uasset" 137
"../../../Engine/Content/EngineMaterials/EmissiveMeshMaterial.uexp" 138
"../../../Engine/Content/EngineMaterials/DefaultWhiteGrid.ubulk" 139
"../../../Engine/Content/EngineMaterials/DefaultWhiteGrid.uasset" 140
"../../../Engine/Content/EngineMaterials/DefaultWhiteGrid.uexp" 141
"../../../Engine/Content/EngineFonts/RobotoDistanceField.uasset" 142
"../../../Engine/Content/EngineFonts/RobotoDistanceField.uexp" 143
"../../../Engine/Content/EngineMaterials/DefaultTextMaterialOpaque.uasset" 144
"../../../Engine/Content/EngineMaterials/DefaultTextMaterialOpaque.uexp" 145
"../../../Engine/Content/EngineMaterials/DefaultDiffuse.ubulk" 146
"../../../Engine/Content/EngineMaterials/DefaultDiffuse.uasset" 147
"../../../Engine/Content/EngineMaterials/DefaultDiffuse.uexp" 148
"../../../Engine/Content/Functions/Engine_MaterialFunctions02/Utility/BreakOutFloat2Components.uasset" 149
"../../../Engine/Content/Functions/Engine_MaterialFunctions02/Utility/BreakOutFloat2Components.uexp" 150
"../../../Engine/Content/EngineMaterials/DefaultPostProcessMaterial.uasset" 151
"../../../Engine/Content/EngineMaterials/DefaultPostProcessMaterial.uexp" 152
"../../../Engine/Content/EngineMaterials/DefaultPhysicalMaterial.uasset" 153
"../../../Engine/Content/EngineMaterials/DefaultPhysicalMaterial.uexp" 154
"../../../Engine/Content/EngineMaterials/DefaultLightFunctionMaterial.uasset" 155
"../../../Engine/Content/EngineMaterials/DefaultLightFunctionMaterial.uexp" 156
"../../../Engine/Content/EngineMaterials/DefaultDestructiblePhysicalMaterial.uasset" 157
"../../../Engine/Content/EngineMaterials/DefaultDestructiblePhysicalMaterial.uexp" 158
"../../../Engine/Content/EngineMaterials/DefaultDeferredDecalMaterial.uasset" 159
"../../../Engine/Content/EngineMaterials/DefaultDeferredDecalMaterial.uexp" 160
"../../../Engine/Content/EngineMaterials/DefaultBokeh.uasset" 161
"../../../Engine/Content/EngineMaterials/DefaultBokeh.uexp" 162
"../../../Engine/Content/EngineMaterials/DefaultBloomKernel.uasset" 163
"../../../Engine/Content/EngineMaterials/DefaultBloomKernel.uexp" 164
"../../../Engine/Content/EngineMaterials/BlueNoise.uasset" 165
"../../../Engine/Content/EngineMaterials/BlueNoise.uexp" 166
"../../../Engine/Content/EngineFonts/Faces/RobotoLight.uexp" 167
"../../../Engine/Content/EngineFonts/Faces/RobotoLight.uasset" 168
"../../../Engine/Content/EngineFonts/Faces/RobotoLight.ufont" 169
"../../../Engine/Content/EngineFonts/Faces/RobotoBold.uexp" 170
"../../../Engine/Content/EngineFonts/Faces/RobotoBold.uasset" 171
"../../../Engine/Content/EngineFonts/Faces/RobotoBold.ufont" 172
"../../../Engine/Content/EngineFonts/Faces/RobotoRegular.uexp" 173
"../../../Engine/Content/EngineFonts/Faces/RobotoRegular.uasset" 174
"../../../Engine/Content/EngineFonts/Faces/RobotoRegular.ufont" 175
"../../../Engine/Content/EngineFonts/Faces/DroidSansFallback.uexp" 176
"../../../Engine/Content/EngineFonts/Faces/DroidSansFallback.uasset" 177
"../../../Engine/Content/EngineFonts/Faces/DroidSansFallback.ufont" 178
"../../../Engine/Content/EngineFonts/Faces/RobotoItalic.uexp" 179
"../../../Engine/Content/EngineFonts/Faces/RobotoItalic.uasset" 180
"../../../Engine/Content/EngineFonts/Faces/RobotoItalic.ufont" 181
"../../../Engine/Content/EngineFonts/Faces/RobotoBoldItalic.uexp" 182
"../../../Engine/Content/EngineFonts/Faces/RobotoBoldItalic.uasset" 183
"../../../Engine/Content/EngineFonts/Faces/RobotoBoldItalic.ufont" 184
"../../../Engine/Content/EngineFonts/Roboto.uasset" 185
"../../../Engine/Content/EngineFonts/Roboto.uexp" 186
"../../../Engine/Content/Functions/Engine_MaterialFunctions02/Utility/CameraDirectionVector.uasset" 187
"../../../Engine/Content/Functions/Engine_MaterialFunctions02/Utility/CameraDirectionVector.uexp" 188
"../../../Engine/Content/EngineDebugMaterials/VolumeToRender.uasset" 189
"../../../Engine/Content/EngineDebugMaterials/VolumeToRender.uexp" 190
"../../../Engine/Content/EngineDebugMaterials/M_VolumeRenderSphereTracePP.uasset" 191
"../../../Engine/Content/EngineDebugMaterials/M_VolumeRenderSphereTracePP.uexp" 192
"../../../Engine/Content/EngineDebugMaterials/M_SimpleUnlitTranslucent.uasset" 193
"../../../Engine/Content/EngineDebugMaterials/M_SimpleUnlitTranslucent.uexp" 194
"../../../Engine/Content/EngineDebugMaterials/DebugMeshMaterial.uasset" 195
"../../../Engine/Content/EngineDebugMaterials/DebugMeshMaterial.uexp" 196
"../../../Engine/Content/EngineDebugMaterials/DebugEditorMaterial.uasset" 197
"../../../Engine/Content/EngineDebugMaterials/DebugEditorMaterial.uexp" 198
"../../../Engine/Content/EngineDamageTypes/DmgTypeBP_Environmental.uasset" 199
"../../../Engine/Content/EngineDamageTypes/DmgTypeBP_Environmental.uexp" 200
"../../../Engine/Content/EditorResources/S_TriggerSphere.uasset" 201
"../../../Engine/Content/EditorResources/S_TriggerSphere.uexp" 202
"../../../Engine/Content/EditorResources/S_TriggerCapsule.uasset" 203
"../../../Engine/Content/EditorResources/S_TriggerCapsule.uexp" 204
"../../../Engine/Content/EditorResources/S_TriggerBox.uasset" 205
"../../../Engine/Content/EditorResources/S_TriggerBox.uexp" 206
"../../../Engine/Content/EditorResources/S_Trigger.ubulk" 207
"../../../Engine/Content/EditorResources/S_Trigger.uasset" 208
"../../../Engine/Content/EditorResources/S_Trigger.uexp" 209
"../../../Engine/Content/EditorResources/S_Terrain.ubulk" 210
"../../../Engine/Content/EditorResources/S_Terrain.uasset" 211
"../../../Engine/Content/EditorResources/S_Terrain.uexp" 212
"../../../Engine/Content/EditorResources/S_Solver.ubulk" 213
"../../../Engine/Content/EditorResources/S_Solver.uasset" 214
"../../../Engine/Content/EditorResources/S_Solver.uexp" 215
"../../../Engine/Content/EditorResources/S_BoxReflectionCapture.uasset" 216
"../../../Engine/Content/EditorResources/S_BoxReflectionCapture.uexp" 217
"../../../Engine/Content/EditorResources/S_Actor.ubulk" 218
"../../../Engine/Content/EditorResources/S_Actor.uasset" 219
"../../../Engine/Content/EditorResources/S_Actor.uexp" 220
"../../../Engine/Content/EditorResources/EmptyActor.uasset" 221
"../../../Engine/Content/EditorResources/EmptyActor.uexp" 222
"../../../Engine/Content/EditorResources/BSPVertex.uasset" 223
"../../../Engine/Content/EditorResources/BSPVertex.uexp" 224
"../../../Engine/Content/EditorResources/BadBlueprintSprite.ubulk" 225
"../../../Engine/Content/EditorResources/BadBlueprintSprite.uasset" 226
"../../../Engine/Content/EditorResources/BadBlueprintSprite.uexp" 227
"../../../Engine/Content/EditorResources/SequenceRecorder/RecordingIndicator.uasset" 228
"../../../Engine/Content/EditorResources/SequenceRecorder/RecordingIndicator.uexp" 229
"../../../Engine/Content/EditorResources/SequenceRecorder/Countdown.uasset" 230
"../../../Engine/Content/EditorResources/SequenceRecorder/Countdown.uexp" 231
"../../../Engine/Content/EditorMaterials/Camera/CineMat.uasset" 232
"../../../Engine/Content/EditorMaterials/Camera/CineMat.uexp" 233
"../../../Engine/Content/EditorMaterials/Camera/MI_CineMat_Rig.uasset" 234
"../../../Engine/Content/EditorMaterials/Camera/MI_CineMat_Rig.uexp" 235
"../../../Engine/Content/EditorMeshes/Camera/SM_RailRig_Track.ubulk" 236
"../../../Engine/Content/EditorMeshes/Camera/SM_RailRig_Track.uasset" 237
"../../../Engine/Content/EditorMeshes/Camera/SM_RailRig_Track.uexp" 238
"../../../Engine/Content/EditorMeshes/Camera/SM_RailRig_Mount.ubulk" 239
"../../../Engine/Content/EditorMeshes/Camera/SM_RailRig_Mount.uasset" 240
"../../../Engine/Content/EditorMeshes/Camera/SM_RailRig_Mount.uexp" 241
"../../../Engine/Content/EditorMeshes/Camera/SM_CraneRig_Mount.ubulk" 242
"../../../Engine/Content/EditorMeshes/Camera/SM_CraneRig_Mount.uasset" 243
"../../../Engine/Content/EditorMeshes/Camera/SM_CraneRig_Mount.uexp" 244
"../../../Engine/Content/EditorMeshes/Camera/SM_CraneRig_Body.ubulk" 245
"../../../Engine/Content/EditorMeshes/Camera/SM_CraneRig_Body.uasset" 246
"../../../Engine/Content/EditorMeshes/Camera/SM_CraneRig_Body.uexp" 247
"../../../Engine/Content/EditorMeshes/Camera/SM_CraneRig_Base.ubulk" 248
"../../../Engine/Content/EditorMeshes/Camera/SM_CraneRig_Base.uasset" 249
"../../../Engine/Content/EditorMeshes/Camera/SM_CraneRig_Base.uexp" 250
"../../../Engine/Content/EditorMeshes/Camera/SM_CraneRig_Arm.ubulk" 251
"../../../Engine/Content/EditorMeshes/Camera/SM_CraneRig_Arm.uasset" 252
"../../../Engine/Content/EditorMeshes/Camera/SM_CraneRig_Arm.uexp" 253
"../../../Engine/Content/EditorMaterials/PreviewShadowIndicator.ubulk" 254
"../../../Engine/Content/EditorMaterials/PreviewShadowIndicator.uasset" 255
"../../../Engine/Content/EditorMaterials/PreviewShadowIndicator.uexp" 256
"../../../Engine/Content/EditorMaterials/PreviewShadowIndicatorMaterial.uasset" 257
"../../../Engine/Content/EditorMaterials/PreviewShadowIndicatorMaterial.uexp" 258
"../../../Engine/Content/EditorMaterials/MAT_Groups_Visibility.uasset" 259
"../../../Engine/Content/EditorMaterials/MAT_Groups_Visibility.uexp" 260
"../../../Engine/Content/EditorMaterials/MAT_Groups_Toggle.uasset" 261
"../../../Engine/Content/EditorMaterials/MAT_Groups_Toggle.uexp" 262
"../../../Engine/Content/Functions/Engine_MaterialFunctions02/Utility/MakeFloat4.uasset" 263
"../../../Engine/Content/Functions/Engine_MaterialFunctions02/Utility/MakeFloat4.uexp" 264
"../../../Engine/Content/Functions/Engine_MaterialFunctions02/Utility/MakeFloat3.uasset" 265
"../../../Engine/Content/Functions/Engine_MaterialFunctions02/Utility/MakeFloat3.uexp" 266
"../../../Engine/Content/Functions/Engine_MaterialFunctions02/Utility/BreakOutFloat3Components.uasset" 267
"../../../Engine/Content/Functions/Engine_MaterialFunctions02/Utility/BreakOutFloat3Components.uexp" 268
"../../../Engine/Content/EditorMaterials/WorldPartition/WorldPartitionSpatialHashGridPreviewMaterial.uasset" 269
"../../../Engine/Content/EditorMaterials/WorldPartition/WorldPartitionSpatialHashGridPreviewMaterial.uexp" 270
"../../../Engine/Content/EditorMaterials/ParticleSystems/PSysThumbnail_OOD.ubulk" 271
"../../../Engine/Content/EditorMaterials/ParticleSystems/PSysThumbnail_OOD.uasset" 272
"../../../Engine/Content/EditorMaterials/ParticleSystems/PSysThumbnail_OOD.uexp" 273
"../../../Engine/Content/EditorMaterials/ParticleSystems/PSysThumbnail_NoImage.ubulk" 274
"../../../Engine/Content/EditorMaterials/ParticleSystems/PSysThumbnail_NoImage.uasset" 275
"../../../Engine/Content/EditorMaterials/ParticleSystems/PSysThumbnail_NoImage.uexp" 276
"../../../Engine/Content/EditorMaterials/MatineeGroups/MAT_Groups_Vector.uasset" 277
"../../../Engine/Content/EditorMaterials/MatineeGroups/MAT_Groups_Vector.uexp" 278
"../../../Engine/Content/EditorMaterials/MatineeGroups/MAT_Groups_Sound.uasset" 279
"../../../Engine/Content/EditorMaterials/MatineeGroups/MAT_Groups_Sound.uexp" 280
"../../../Engine/Content/EditorMaterials/MatineeGroups/MAT_Groups_Slomo.uasset" 281
"../../../Engine/Content/EditorMaterials/MatineeGroups/MAT_Groups_Slomo.uexp" 282
"../../../Engine/Content/EditorMaterials/MatineeGroups/MAT_Groups_Move.uasset" 283
"../../../Engine/Content/EditorMaterials/MatineeGroups/MAT_Groups_Move.uexp" 284
"../../../Engine/Content/EditorMaterials/MatineeGroups/MAT_Groups_Float.uasset" 285
"../../../Engine/Content/EditorMaterials/MatineeGroups/MAT_Groups_Float.uexp" 286
"../../../Engine/Content/EditorMaterials/MatineeGroups/MAT_Groups_Fade.uasset" 287
"../../../Engine/Content/EditorMaterials/MatineeGroups/MAT_Groups_Fade.uexp" 288
"../../../Engine/Content/EditorMaterials/MatineeGroups/MAT_Groups_Event.uasset" 289
"../../../Engine/Content/EditorMaterials/MatineeGroups/MAT_Groups_Event.uexp" 290
"../../../Engine/Content/EditorMaterials/MatineeGroups/MAT_Groups_Director.uasset" 291
"../../../Engine/Content/EditorMaterials/MatineeGroups/MAT_Groups_Director.uexp" 292
"../../../Engine/Content/EditorMaterials/MatineeGroups/MAT_Groups_AudioMaster.uasset" 293
"../../../Engine/Content/EditorMaterials/MatineeGroups/MAT_Groups_AudioMaster.uexp" 294
"../../../Engine/Content/EditorMaterials/MatineeGroups/MAT_Groups_Anim.uasset" 295
"../../../Engine/Content/EditorMaterials/MatineeGroups/MAT_Groups_Anim.uexp" 296
"../../../Engine/Content/EditorMaterials/MatineeGroups/MAT_ColorTrack.uasset" 297
"../../../Engine/Content/EditorMaterials/MatineeGroups/MAT_ColorTrack.uexp" 298
"../../../Engine/Content/EditorLandscapeResources/DefaultAlphaTexture.uasset" 299
"../../../Engine/Content/EditorLandscapeResources/DefaultAlphaTexture.uexp" 300
"../../../Engine/Content/EditorLandscapeResources/DataLayer.uasset" 301
"../../../Engine/Content/EditorLandscapeResources/DataLayer.uexp" 302
"../../../Engine/Content/EngineMaterials/T_Default_Material_Grid_M.ubulk" 303
"../../../Engine/Content/EngineMaterials/T_Default_Material_Grid_M.uasset" 304
"../../../Engine/Content/EngineMaterials/T_Default_Material_Grid_M.uexp" 305
"../../../Engine/Content/EngineMaterials/T_Default_Material_Grid_N.ubulk" 306
"../../../Engine/Content/EngineMaterials/T_Default_Material_Grid_N.uasset" 307
"../../../Engine/Content/EngineMaterials/T_Default_Material_Grid_N.uexp" 308
"../../../Engine/Content/Functions/Engine_MaterialFunctions01/Opacity/CameraDepthFade.uasset" 309
"../../../Engine/Content/Functions/Engine_MaterialFunctions01/Opacity/CameraDepthFade.uexp" 310
"../../../Engine/Content/EngineMaterials/DefaultMaterial.uasset" 311
"../../../Engine/Content/EngineMaterials/DefaultMaterial.uexp" 312
"../../../Engine/Content/BasicShapes/Sphere.ubulk" 313
"../../../Engine/Content/BasicShapes/Sphere.uasset" 314
"../../../Engine/Content/BasicShapes/Sphere.uexp" 315
"../../../Engine/Content/EngineMaterials/WorldGridMaterial.uasset" 316
"../../../Engine/Content/EngineMaterials/WorldGridMaterial.uexp" 317
"../../../Engine/Content/BasicShapes/Plane.ubulk" 318
"../../../Engine/Content/BasicShapes/Plane.uasset" 319
"../../../Engine/Content/BasicShapes/Plane.uexp" 320
"../../../Engine/Content/BasicShapes/Cylinder.ubulk" 321
"../../../Engine/Content/BasicShapes/Cylinder.uasset" 322
"../../../Engine/Content/BasicShapes/Cylinder.uexp" 323
"../../../Engine/Content/BasicShapes/Cube.ubulk" 324
"../../../Engine/Content/BasicShapes/Cube.uasset" 325
"../../../Engine/Content/BasicShapes/Cube.uexp" 326
"../../../Engine/Content/BasicShapes/Cone.ubulk" 327
"../../../Engine/Content/BasicShapes/Cone.uasset" 328
"../../../Engine/Content/BasicShapes/Cone.uexp" 329
"../../../Engine/Content/BasicShapes/BasicShapeMaterial.uasset" 330
"../../../Engine/Content/BasicShapes/BasicShapeMaterial.uexp" 331
"../../../Engine/Content/ArtTools/RenderToTexture/Meshes/S_1_Unit_Plane.ubulk" 332
"../../../Engine/Content/ArtTools/RenderToTexture/Meshes/S_1_Unit_Plane.uasset" 333
"../../../Engine/Content/ArtTools/RenderToTexture/Meshes/S_1_Unit_Plane.uexp" 334
"../../../Engine/Content/MobileResources/HUD/VirtualJoystick_Background.uasset" 335
"../../../Engine/Content/MobileResources/HUD/VirtualJoystick_Background.uexp" 336
"../../../Engine/Content/MobileResources/HUD/VirtualJoystick_Thumb.uasset" 337
"../../../Engine/Content/MobileResources/HUD/VirtualJoystick_Thumb.uexp" 338
"../../../Engine/Content/MobileResources/HUD/DefaultVirtualJoysticks.uasset" 339
"../../../Engine/Content/MobileResources/HUD/DefaultVirtualJoysticks.uexp" 340
"../../../Engine/Content/Tutorial/ContentIntroCurve.uasset" 341
"../../../Engine/Content/Tutorial/ContentIntroCurve.uexp" 342
"../../../Engine/Content/VREditor/TransformGizmo/Main.uasset" 343
"../../../Engine/Content/VREditor/TransformGizmo/Main.uexp" 344
"../../../Engine/Content/VREditor/TransformGizmo/Xray.uasset" 345
"../../../Engine/Content/VREditor/TransformGizmo/Xray.uexp" 346
"../../../Engine/Content/VREditor/TransformGizmo/SM_Sequencer_Node.ubulk" 347
"../../../Engine/Content/VREditor/TransformGizmo/SM_Sequencer_Node.uasset" 348
"../../../Engine/Content/VREditor/TransformGizmo/SM_Sequencer_Node.uexp" 349
"../../../Engine/Content/VREditor/LaserPointer/VR_LaserPower_01.ubulk" 350
"../../../Engine/Content/VREditor/LaserPointer/VR_LaserPower_01.uasset" 351
"../../../Engine/Content/VREditor/LaserPointer/VR_LaserPower_01.uexp" 352
"../../../Engine/Content/VREditor/TransformGizmo/TransformGizmoMaterial.uasset" 353
"../../../Engine/Content/VREditor/TransformGizmo/TransformGizmoMaterial.uexp" 354
"../../../Engine/Content/VREditor/TransformGizmo/TranslucentTransformGizmoMaterial.uasset" 355
"../../../Engine/Content/VREditor/TransformGizmo/TranslucentTransformGizmoMaterial.uexp" 356
"../../../Engine/Content/VREditor/TransformGizmo/PlaneTranslationHandle.ubulk" 357
"../../../Engine/Content/VREditor/TransformGizmo/PlaneTranslationHandle.uasset" 358
"../../../Engine/Content/VREditor/TransformGizmo/PlaneTranslationHandle.uexp" 359
"../../../Engine/Content/VREditor/TransformGizmo/BoundingBoxEdge.ubulk" 360
"../../../Engine/Content/VREditor/TransformGizmo/BoundingBoxEdge.uasset" 361
"../../../Engine/Content/VREditor/TransformGizmo/BoundingBoxEdge.uexp" 362
"../../../Engine/Content/VREditor/TransformGizmo/BoundingBoxCorner.ubulk" 363
"../../../Engine/Content/VREditor/TransformGizmo/BoundingBoxCorner.uasset" 364
"../../../Engine/Content/VREditor/TransformGizmo/BoundingBoxCorner.uexp" 365
"../../../Engine/Plugins/2D/Paper2D/Content/PlaceholderTextures/DummySpriteTexture.ubulk" 366
"../../../Engine/Plugins/2D/Paper2D/Content/PlaceholderTextures/DummySpriteTexture.uasset" 367
"../../../Engine/Plugins/2D/Paper2D/Content/PlaceholderTextures/DummySpriteTexture.uexp" 368
"../../../Engine/Plugins/2D/Paper2D/Content/DefaultSpriteMaterial.uasset" 369
"../../../Engine/Plugins/2D/Paper2D/Content/DefaultSpriteMaterial.uexp" 370
"../../../Engine/Plugins/2D/Paper2D/Content/OpaqueUnlitSpriteMaterial.uasset" 371
"../../../Engine/Plugins/2D/Paper2D/Content/OpaqueUnlitSpriteMaterial.uexp" 372
"../../../Engine/Plugins/2D/Paper2D/Content/MaskedUnlitSpriteMaterial.uasset" 373
"../../../Engine/Plugins/2D/Paper2D/Content/MaskedUnlitSpriteMaterial.uexp" 374
"../../../Engine/Plugins/2D/Paper2D/Content/DummySprite.uasset" 375
"../../../Engine/Plugins/2D/Paper2D/Content/DummySprite.uexp" 376
"../../../Engine/Plugins/2D/Paper2D/Content/DefaultPaperTerrainMaterial.uasset" 377
"../../../Engine/Plugins/2D/Paper2D/Content/DefaultPaperTerrainMaterial.uexp" 378
"../../../Engine/Plugins/Animation/ControlRig/Content/M_Manip.uasset" 379
"../../../Engine/Plugins/Animation/ControlRig/Content/M_Manip.uexp" 380
"../../../Engine/Plugins/Animation/ControlRig/Content/Controls/DefaultGizmoLibraryNormalized.uasset" 381
"../../../Engine/Plugins/Animation/ControlRig/Content/Controls/DefaultGizmoLibraryNormalized.uexp" 382
"../../../Engine/Plugins/Animation/ControlRig/Content/Controls/ControlRig_Wedge_solid.ubulk" 383
"../../../Engine/Plugins/Animation/ControlRig/Content/Controls/ControlRig_Wedge_solid.uasset" 384
"../../../Engine/Plugins/Animation/ControlRig/Content/Controls/ControlRig_Wedge_solid.uexp" 385
"../../../Engine/Plugins/Animation/ControlRig/Content/Controls/ControlRig_Wedge_3mm.ubulk" 386
"../../../Engine/Plugins/Animation/ControlRig/Content/Controls/ControlRig_Wedge_3mm.uasset" 387
"../../../Engine/Plugins/Animation/ControlRig/Content/Controls/ControlRig_Wedge_3mm.uexp" 388
"../../../Engine/Plugins/Animation/ControlRig/Content/Controls/ControlRig_Wedge_1mm.ubulk" 389
"../../../Engine/Plugins/Animation/ControlRig/Content/Controls/ControlRig_Wedge_1mm.uasset" 390
"../../../Engine/Plugins/Animation/ControlRig/Content/Controls/ControlRig_Wedge_1mm.uexp" 391
"../../../Engine/Plugins/Animation/ControlRig/Content/Controls/ControlRig_Triangle_solid.ubulk" 392
"../../../Engine/Plugins/Animation/ControlRig/Content/Controls/ControlRig_Triangle_solid.uasset" 393
"../../../Engine/Plugins/Animation/ControlRig/Content/Controls/ControlRig_Triangle_solid.uexp" 394
"../../../Engine/Plugins/Animation/ControlRig/Content/Controls/ControlRig_Triangle_3mm.ubulk" 395
"../../../Engine/Plugins/Animation/ControlRig/Content/Controls/ControlRig_Triangle_3mm.uasset" 396
"../../../Engine/Plugins/Animation/ControlRig/Content/Controls/ControlRig_Triangle_3mm.uexp" 397
"../../../Engine/Plugins/Animation/ControlRig/Content/Controls/ControlRig_Triangle_1mm.ubulk" 398
"../../../Engine/Plugins/Animation/ControlRig/Content/Controls/ControlRig_Triangle_1mm.uasset" 399
"../../../Engine/Plugins/Animation/ControlRig/Content/Controls/ControlRig_Triangle_1mm.uexp" 400
"../../../Engine/Plugins/Animation/ControlRig/Content/Controls/ControlRig_Star4_solid.ubulk" 401
"../../../Engine/Plugins/Animation/ControlRig/Content/Controls/ControlRig_Star4_solid.uasset" 402
"../../../Engine/Plugins/Animation/ControlRig/Content/Controls/ControlRig_Star4_solid.uexp" 403
"../../../Engine/Plugins/Animation/ControlRig/Content/Controls/ControlRig_Star4_3mm.ubulk" 404
"../../../Engine/Plugins/Animation/ControlRig/Content/Controls/ControlRig_Star4_3mm.uasset" 405
"../../../Engine/Plugins/Animation/ControlRig/Content/Controls/ControlRig_Star4_3mm.uexp" 406
"../../../Engine/Plugins/Animation/ControlRig/Content/Controls/ControlRig_Star4_1mm.ubulk" 407
"../../../Engine/Plugins/Animation/ControlRig/Content/Controls/ControlRig_Star4_1mm.uasset" 408
"../../../Engine/Plugins/Animation/ControlRig/Content/Controls/ControlRig_Star4_1mm.uexp" 409
"../../../Engine/Plugins/Animation/ControlRig/Content/Controls/ControlRig_Square_solid.ubulk" 410
"../../../Engine/Plugins/Animation/ControlRig/Content/Controls/ControlRig_Square_solid.uasset" 411
"../../../Engine/Plugins/Animation/ControlRig/Content/Controls/ControlRig_Square_solid.uexp" 412
"../../../Engine/Plugins/Animation/ControlRig/Content/Controls/ControlRig_Square_3mm.ubulk" 413
"../../../Engine/Plugins/Animation/ControlRig/Content/Controls/ControlRig_Square_3mm.uasset" 414
"../../../Engine/Plugins/Animation/ControlRig/Content/Controls/ControlRig_Square_3mm.uexp" 415
"../../../Engine/Plugins/Animation/ControlRig/Content/Controls/ControlRig_Square_1mm.ubulk" 416
"../../../Engine/Plugins/Animation/ControlRig/Content/Controls/ControlRig_Square_1mm.uasset" 417
"../../../Engine/Plugins/Animation/ControlRig/Content/Controls/ControlRig_Square_1mm.uexp" 418
"../../../Engine/Plugins/Animation/ControlRig/Content/Controls/ControlRig_Sphere_solid.ubulk" 419
"../../../Engine/Plugins/Animation/ControlRig/Content/Controls/ControlRig_Sphere_solid.uasset" 420
"../../../Engine/Plugins/Animation/ControlRig/Content/Controls/ControlRig_Sphere_solid.uexp" 421
"../../../Engine/Plugins/Animation/ControlRig/Content/Controls/ControlRig_Sphere_3mm.ubulk" 422
"../../../Engine/Plugins/Animation/ControlRig/Content/Controls/ControlRig_Sphere_3mm.uasset" 423
"../../../Engine/Plugins/Animation/ControlRig/Content/Controls/ControlRig_Sphere_3mm.uexp" 424
"../../../Engine/Plugins/Animation/ControlRig/Content/Controls/ControlRig_Sphere_1mm.ubulk" 425
"../../../Engine/Plugins/Animation/ControlRig/Content/Controls/ControlRig_Sphere_1mm.uasset" 426
"../../../Engine/Plugins/Animation/ControlRig/Content/Controls/ControlRig_Sphere_1mm.uexp" 427
"../../../Engine/Plugins/Animation/ControlRig/Content/Controls/ControlRig_RoundedTriangle_solid.ubulk" 428
"../../../Engine/Plugins/Animation/ControlRig/Content/Controls/ControlRig_RoundedTriangle_solid.uasset" 429
"../../../Engine/Plugins/Animation/ControlRig/Content/Controls/ControlRig_RoundedTriangle_solid.uexp" 430
"../../../Engine/Plugins/Animation/ControlRig/Content/Controls/ControlRig_RoundedTriangle_3mm.ubulk" 431
"../../../Engine/Plugins/Animation/ControlRig/Content/Controls/ControlRig_RoundedTriangle_3mm.uasset" 432
"../../../Engine/Plugins/Animation/ControlRig/Content/Controls/ControlRig_RoundedTriangle_3mm.uexp" 433
"../../../Engine/Plugins/Animation/ControlRig/Content/Controls/ControlRig_RoundedTriangle_1mm.ubulk" 434
"../../../Engine/Plugins/Animation/ControlRig/Content/Controls/ControlRig_RoundedTriangle_1mm.uasset" 435
"../../../Engine/Plugins/Animation/ControlRig/Content/Controls/ControlRig_RoundedTriangle_1mm.uexp" 436
"../../../Engine/Plugins/Animation/ControlRig/Content/Controls/ControlRig_RoundedSquare_solid.ubulk" 437
"../../../Engine/Plugins/Animation/ControlRig/Content/Controls/ControlRig_RoundedSquare_solid.uasset" 438
"../../../Engine/Plugins/Animation/ControlRig/Content/Controls/ControlRig_RoundedSquare_solid.uexp" 439
"../../../Engine/Plugins/Animation/ControlRig/Content/Controls/ControlRig_RoundedSquare_3mm.ubulk" 440
"../../../Engine/Plugins/Animation/ControlRig/Content/Controls/ControlRig_RoundedSquare_3mm.uasset" 441
"../../../Engine/Plugins/Animation/ControlRig/Content/Controls/ControlRig_RoundedSquare_3mm.uexp" 442
"../../../Engine/Plugins/Animation/ControlRig/Content/Controls/ControlRig_RoundedSquare_1mm.ubulk" 443
"../../../Engine/Plugins/Animation/ControlRig/Content/Controls/ControlRig_RoundedSquare_1mm.uasset" 444
"../../../Engine/Plugins/Animation/ControlRig/Content/Controls/ControlRig_RoundedSquare_1mm.uexp" 445
"../../../Engine/Plugins/Animation/ControlRig/Content/Controls/ControlRig_QuarterCircle_solid.ubulk" 446
"../../../Engine/Plugins/Animation/ControlRig/Content/Controls/ControlRig_QuarterCircle_solid.uasset" 447
"../../../Engine/Plugins/Animation/ControlRig/Content/Controls/ControlRig_QuarterCircle_solid.uexp" 448
"../../../Engine/Plugins/Animation/ControlRig/Content/Controls/ControlRig_QuarterCircle_3mm.ubulk" 449
"../../../Engine/Plugins/Animation/ControlRig/Content/Controls/ControlRig_QuarterCircle_3mm.uasset" 450
"../../../Engine/Plugins/Animation/ControlRig/Content/Controls/ControlRig_QuarterCircle_3mm.uexp" 451
"../../../Engine/Plugins/Animation/ControlRig/Content/Controls/ControlRig_QuarterCircle_1mm.ubulk" 452
"../../../Engine/Plugins/Animation/ControlRig/Content/Controls/ControlRig_QuarterCircle_1mm.uasset" 453
"../../../Engine/Plugins/Animation/ControlRig/Content/Controls/ControlRig_QuarterCircle_1mm.uexp" 454
"../../../Engine/Plugins/Animation/ControlRig/Content/Controls/ControlRig_Pyramid_solid.ubulk" 455
"../../../Engine/Plugins/Animation/ControlRig/Content/Controls/ControlRig_Pyramid_solid.uasset" 456
"../../../Engine/Plugins/Animation/ControlRig/Content/Controls/ControlRig_Pyramid_solid.uexp" 457
"../../../Engine/Plugins/Animation/ControlRig/Content/Controls/ControlRig_Pyramid_3mm.ubulk" 458
"../../../Engine/Plugins/Animation/ControlRig/Content/Controls/ControlRig_Pyramid_3mm.uasset" 459
"../../../Engine/Plugins/Animation/ControlRig/Content/Controls/ControlRig_Pyramid_3mm.uexp" 460
"../../../Engine/Plugins/Animation/ControlRig/Content/Controls/ControlRig_Pyramid_1mm.ubulk" 461
"../../../Engine/Plugins/Animation/ControlRig/Content/Controls/ControlRig_Pyramid_1mm.uasset" 462
"../../../Engine/Plugins/Animation/ControlRig/Content/Controls/ControlRig_Pyramid_1mm.uexp" 463
"../../../Engine/Plugins/Animation/ControlRig/Content/Controls/ControlRig_Octagon_solid.ubulk" 464
"../../../Engine/Plugins/Animation/ControlRig/Content/Controls/ControlRig_Octagon_solid.uasset" 465
"../../../Engine/Plugins/Animation/ControlRig/Content/Controls/ControlRig_Octagon_solid.uexp" 466
"../../../Engine/Plugins/Animation/ControlRig/Content/Controls/ControlRig_Octagon_3mm.ubulk" 467
"../../../Engine/Plugins/Animation/ControlRig/Content/Controls/ControlRig_Octagon_3mm.uasset" 468
"../../../Engine/Plugins/Animation/ControlRig/Content/Controls/ControlRig_Octagon_3mm.uexp" 469
"../../../Engine/Plugins/Animation/ControlRig/Content/Controls/ControlRig_Octagon_1mm.ubulk" 470
"../../../Engine/Plugins/Animation/ControlRig/Content/Controls/ControlRig_Octagon_1mm.uasset" 471
"../../../Engine/Plugins/Animation/ControlRig/Content/Controls/ControlRig_Octagon_1mm.uexp" 472
"../../../Engine/Plugins/Animation/ControlRig/Content/Controls/ControlRig_Hexagon_solid.ubulk" 473
"../../../Engine/Plugins/Animation/ControlRig/Content/Controls/ControlRig_Hexagon_solid.uasset" 474
"../../../Engine/Plugins/Animation/ControlRig/Content/Controls/ControlRig_Hexagon_solid.uexp" 475
"../../../Engine/Plugins/Animation/ControlRig/Content/Controls/ControlRig_Hexagon_3mm.ubulk" 476
"../../../Engine/Plugins/Animation/ControlRig/Content/Controls/ControlRig_Hexagon_3mm.uasset" 477
"../../../Engine/Plugins/Animation/ControlRig/Content/Controls/ControlRig_Hexagon_3mm.uexp" 478
"../../../Engine/Plugins/Animation/ControlRig/Content/Controls/ControlRig_Hexagon_1mm.ubulk" 479
"../../../Engine/Plugins/Animation/ControlRig/Content/Controls/ControlRig_Hexagon_1mm.uasset" 480
"../../../Engine/Plugins/Animation/ControlRig/Content/Controls/ControlRig_Hexagon_1mm.uexp" 481
"../../../Engine/Plugins/Animation/ControlRig/Content/Controls/ControlRig_HalfCircle_solid.ubulk" 482
"../../../Engine/Plugins/Animation/ControlRig/Content/Controls/ControlRig_HalfCircle_solid.uasset" 483
"../../../Engine/Plugins/Animation/ControlRig/Content/Controls/ControlRig_HalfCircle_solid.uexp" 484
"../../../Engine/Plugins/Animation/ControlRig/Content/Controls/ControlRig_HalfCircle_3mm.ubulk" 485
"../../../Engine/Plugins/Animation/ControlRig/Content/Controls/ControlRig_HalfCircle_3mm.uasset" 486
"../../../Engine/Plugins/Animation/ControlRig/Content/Controls/ControlRig_HalfCircle_3mm.uexp" 487
"../../../Engine/Plugins/Animation/ControlRig/Content/Controls/ControlRig_HalfCircle_1mm.ubulk" 488
"../../../Engine/Plugins/Animation/ControlRig/Content/Controls/ControlRig_HalfCircle_1mm.uasset" 489
"../../../Engine/Plugins/Animation/ControlRig/Content/Controls/ControlRig_HalfCircle_1mm.uexp" 490
"../../../Engine/Plugins/Animation/ControlRig/Content/Controls/ControlRig_Diamond_solid.ubulk" 491
"../../../Engine/Plugins/Animation/ControlRig/Content/Controls/ControlRig_Diamond_solid.uasset" 492
"../../../Engine/Plugins/Animation/ControlRig/Content/Controls/ControlRig_Diamond_solid.uexp" 493
"../../../Engine/Plugins/Animation/ControlRig/Content/Controls/ControlRig_Diamond_3mm.ubulk" 494
"../../../Engine/Plugins/Animation/ControlRig/Content/Controls/ControlRig_Diamond_3mm.uasset" 495
"../../../Engine/Plugins/Animation/ControlRig/Content/Controls/ControlRig_Diamond_3mm.uexp" 496
"../../../Engine/Plugins/Animation/ControlRig/Content/Controls/ControlRig_Diamond_1mm.ubulk" 497
"../../../Engine/Plugins/Animation/ControlRig/Content/Controls/ControlRig_Diamond_1mm.uasset" 498
"../../../Engine/Plugins/Animation/ControlRig/Content/Controls/ControlRig_Diamond_1mm.uexp" 499
"../../../Engine/Plugins/Animation/ControlRig/Content/Controls/ControlRig_Circle_solid.ubulk" 500
"../../../Engine/Plugins/Animation/ControlRig/Content/Controls/ControlRig_Circle_solid.uasset" 501
"../../../Engine/Plugins/Animation/ControlRig/Content/Controls/ControlRig_Circle_solid.uexp" 502
"../../../Engine/Plugins/Animation/ControlRig/Content/Controls/ControlRig_Circle_3mm.ubulk" 503
"../../../Engine/Plugins/Animation/ControlRig/Content/Controls/ControlRig_Circle_3mm.uasset" 504
"../../../Engine/Plugins/Animation/ControlRig/Content/Controls/ControlRig_Circle_3mm.uexp" 505
"../../../Engine/Plugins/Animation/ControlRig/Content/Controls/ControlRig_Circle_1mm.ubulk" 506
"../../../Engine/Plugins/Animation/ControlRig/Content/Controls/ControlRig_Circle_1mm.uasset" 507
"../../../Engine/Plugins/Animation/ControlRig/Content/Controls/ControlRig_Circle_1mm.uexp" 508
"../../../Engine/Plugins/Animation/ControlRig/Content/Controls/ControlRig_Box_solid.ubulk" 509
"../../../Engine/Plugins/Animation/ControlRig/Content/Controls/ControlRig_Box_solid.uasset" 510
"../../../Engine/Plugins/Animation/ControlRig/Content/Controls/ControlRig_Box_solid.uexp" 511
"../../../Engine/Plugins/Animation/ControlRig/Content/Controls/ControlRig_Box_3mm.ubulk" 512
"../../../Engine/Plugins/Animation/ControlRig/Content/Controls/ControlRig_Box_3mm.uasset" 513
"../../../Engine/Plugins/Animation/ControlRig/Content/Controls/ControlRig_Box_3mm.uexp" 514
"../../../Engine/Plugins/Animation/ControlRig/Content/Controls/ControlRig_Box_1mm.ubulk" 515
"../../../Engine/Plugins/Animation/ControlRig/Content/Controls/ControlRig_Box_1mm.uasset" 516
"../../../Engine/Plugins/Animation/ControlRig/Content/Controls/ControlRig_Box_1mm.uexp" 517
"../../../Engine/Plugins/Animation/ControlRig/Content/Controls/ControlRig_Arrow_solid.ubulk" 518
"../../../Engine/Plugins/Animation/ControlRig/Content/Controls/ControlRig_Arrow_solid.uasset" 519
"../../../Engine/Plugins/Animation/ControlRig/Content/Controls/ControlRig_Arrow_solid.uexp" 520
"../../../Engine/Plugins/Animation/ControlRig/Content/Controls/ControlRig_Arrow_3mm.ubulk" 521
"../../../Engine/Plugins/Animation/ControlRig/Content/Controls/ControlRig_Arrow_3mm.uasset" 522
"../../../Engine/Plugins/Animation/ControlRig/Content/Controls/ControlRig_Arrow_3mm.uexp" 523
"../../../Engine/Plugins/Animation/ControlRig/Content/Controls/ControlRig_Arrow_1mm.ubulk" 524
"../../../Engine/Plugins/Animation/ControlRig/Content/Controls/ControlRig_Arrow_1mm.uasset" 525
"../../../Engine/Plugins/Animation/ControlRig/Content/Controls/ControlRig_Arrow_1mm.uexp" 526
"../../../Engine/Plugins/Animation/ControlRig/Content/Controls/ControlRig_Arrow4_solid.ubulk" 527
"../../../Engine/Plugins/Animation/ControlRig/Content/Controls/ControlRig_Arrow4_solid.uasset" 528
"../../../Engine/Plugins/Animation/ControlRig/Content/Controls/ControlRig_Arrow4_solid.uexp" 529
"../../../Engine/Plugins/Animation/ControlRig/Content/Controls/ControlRig_Arrow4_3mm.ubulk" 530
"../../../Engine/Plugins/Animation/ControlRig/Content/Controls/ControlRig_Arrow4_3mm.uasset" 531
"../../../Engine/Plugins/Animation/ControlRig/Content/Controls/ControlRig_Arrow4_3mm.uexp" 532
"../../../Engine/Plugins/Animation/ControlRig/Content/Controls/ControlRig_Arrow4_1mm.ubulk" 533
"../../../Engine/Plugins/Animation/ControlRig/Content/Controls/ControlRig_Arrow4_1mm.uasset" 534
"../../../Engine/Plugins/Animation/ControlRig/Content/Controls/ControlRig_Arrow4_1mm.uexp" 535
"../../../Engine/Plugins/Animation/ControlRig/Content/Controls/ControlRig_Arrow2_solid.ubulk" 536
"../../../Engine/Plugins/Animation/ControlRig/Content/Controls/ControlRig_Arrow2_solid.uasset" 537
"../../../Engine/Plugins/Animation/ControlRig/Content/Controls/ControlRig_Arrow2_solid.uexp" 538
"../../../Engine/Plugins/Animation/ControlRig/Content/Controls/ControlRig_Arrow2_3mm.ubulk" 539
"../../../Engine/Plugins/Animation/ControlRig/Content/Controls/ControlRig_Arrow2_3mm.uasset" 540
"../../../Engine/Plugins/Animation/ControlRig/Content/Controls/ControlRig_Arrow2_3mm.uexp" 541
"../../../Engine/Plugins/Animation/ControlRig/Content/Controls/ControlRig_Arrow2_1mm.ubulk" 542
"../../../Engine/Plugins/Animation/ControlRig/Content/Controls/ControlRig_Arrow2_1mm.uasset" 543
"../../../Engine/Plugins/Animation/ControlRig/Content/Controls/ControlRig_Arrow2_1mm.uexp" 544
"../../../Engine/Plugins/Animation/ControlRig/Content/Controls/ControlRigGizmoMaterial.uasset" 545
"../../../Engine/Plugins/Animation/ControlRig/Content/Controls/ControlRigGizmoMaterial.uexp" 546
"../../../Engine/Plugins/Editor/SpeedTreeImporter/Content/SpeedTree9/game_wind_noise.ubulk" 547
"../../../Engine/Plugins/Editor/SpeedTreeImporter/Content/SpeedTree9/game_wind_noise.uasset" 548
"../../../Engine/Plugins/Editor/SpeedTreeImporter/Content/SpeedTree9/game_wind_noise.uexp" 549
"../../../Engine/Plugins/Editor/SpeedTreeImporter/Content/SpeedTree9/UnpackDirection.uasset" 550
"../../../Engine/Plugins/Editor/SpeedTreeImporter/Content/SpeedTree9/UnpackDirection.uexp" 551
"../../../Engine/Content/Functions/Engine_MaterialFunctions02/ObjectLocalBounds.uasset" 552
"../../../Engine/Content/Functions/Engine_MaterialFunctions02/ObjectLocalBounds.uexp" 553
"../../../Engine/Content/Functions/Engine_MaterialFunctions02/UVs/BoundingBoxBased_0-1_UVW.uasset" 554
"../../../Engine/Content/Functions/Engine_MaterialFunctions02/UVs/BoundingBoxBased_0-1_UVW.uexp" 555
"../../../Engine/Content/Functions/Engine_MaterialFunctions02/Utility/VectorLength.uasset" 556
"../../../Engine/Content/Functions/Engine_MaterialFunctions02/Utility/VectorLength.uexp" 557
"../../../Engine/Plugins/Editor/SpeedTreeImporter/Content/SpeedTree9/UnpackInteger3.uasset" 558
"../../../Engine/Plugins/Editor/SpeedTreeImporter/Content/SpeedTree9/UnpackInteger3.uexp" 559
"../../../Engine/Plugins/Editor/SpeedTreeImporter/Content/SpeedTree9/SpeedTreeCameraFacing.uasset" 560
"../../../Engine/Plugins/Editor/SpeedTreeImporter/Content/SpeedTree9/SpeedTreeCameraFacing.uexp" 561
"../../../Engine/Content/Functions/Engine_MaterialFunctions02/WorldPositionOffset/ObjectScale.uasset" 562
"../../../Engine/Content/Functions/Engine_MaterialFunctions02/WorldPositionOffset/ObjectScale.uexp" 563
"../../../Engine/Content/Functions/Engine_MaterialFunctions02/SafeNormalize.uasset" 564
"../../../Engine/Content/Functions/Engine_MaterialFunctions02/SafeNormalize.uexp" 565
"../../../Engine/Plugins/Editor/SpeedTreeImporter/Content/SpeedTree9/SpeedTreeWindMotion.uasset" 566
"../../../Engine/Plugins/Editor/SpeedTreeImporter/Content/SpeedTree9/SpeedTreeWindMotion.uexp" 567
"../../../Engine/Plugins/Editor/SpeedTreeImporter/Content/SpeedTree9/SpeedTreeBranchMotion.uasset" 568
"../../../Engine/Plugins/Editor/SpeedTreeImporter/Content/SpeedTree9/SpeedTreeBranchMotion.uexp" 569
"../../../Engine/Plugins/Editor/SpeedTreeImporter/Content/SpeedTree9/SpeedTreeWind.uasset" 570
"../../../Engine/Plugins/Editor/SpeedTreeImporter/Content/SpeedTree9/SpeedTreeWind.uexp" 571
"../../../Engine/Plugins/Editor/SpeedTreeImporter/Content/SpeedTree9/EmptyNormal.uasset" 572
"../../../Engine/Plugins/Editor/SpeedTreeImporter/Content/SpeedTree9/EmptyNormal.uexp" 573
"../../../Engine/Plugins/Editor/SpeedTreeImporter/Content/SpeedTree9/Empty.uasset" 574
"../../../Engine/Plugins/Editor/SpeedTreeImporter/Content/SpeedTree9/Empty.uexp" 575
"../../../Engine/Plugins/Editor/SpeedTreeImporter/Content/SpeedTree9/SpeedTreeMaster.uasset" 576
"../../../Engine/Plugins/Editor/SpeedTreeImporter/Content/SpeedTree9/SpeedTreeMaster.uexp" 577
"../../../Engine/Plugins/Editor/SpeedTreeImporter/Content/SpeedTree9/SpeedTreeBillboard.uasset" 578
"../../../Engine/Plugins/Editor/SpeedTreeImporter/Content/SpeedTree9/SpeedTreeBillboard.uexp" 579
"../../../Engine/Plugins/Editor/SpeedTreeImporter/Content/SpeedTree9/SpeedTreeBillboardMaster.uasset" 580
"../../../Engine/Plugins/Editor/SpeedTreeImporter/Content/SpeedTree9/SpeedTreeBillboardMaster.uexp" 581
"../../../Engine/Plugins/Runtime/HairStrands/Content/Materials/HairMeshesDefaultMaterial.uasset" 582
"../../../Engine/Plugins/Runtime/HairStrands/Content/Materials/HairMeshesDefaultMaterial.uexp" 583
"../../../Engine/Plugins/Runtime/HairStrands/Content/Materials/HairDefaultMaterial.uasset" 584
"../../../Engine/Plugins/Runtime/HairStrands/Content/Materials/HairDefaultMaterial.uexp" 585
"../../../Engine/Plugins/Runtime/HairStrands/Content/Materials/HairGroupColors.uasset" 586
"../../../Engine/Plugins/Runtime/HairStrands/Content/Materials/HairGroupColors.uexp" 587
"../../../Engine/Content/EngineMaterials/HairColorMap.uasset" 588
"../../../Engine/Content/EngineMaterials/HairColorMap.uexp" 589
"../../../Engine/Content/EngineMaterials/HairDebugColor.uasset" 590
"../../../Engine/Content/EngineMaterials/HairDebugColor.uexp" 591
"../../../Engine/Plugins/Runtime/HairStrands/Content/Materials/HairDebugMaterial.uasset" 592
"../../../Engine/Plugins/Runtime/HairStrands/Content/Materials/HairDebugMaterial.uexp" 593
"../../../Engine/Plugins/Runtime/HairStrands/Content/Materials/HairCardsDefaultMaterial.uasset" 594
"../../../Engine/Plugins/Runtime/HairStrands/Content/Materials/HairCardsDefaultMaterial.uexp" 595
"C:/Users/Owner/Documents/Unreal Projects/Halloween/Content/grass.ubulk" 596
"C:/Users/Owner/Documents/Unreal Projects/Halloween/Content/grass.uasset" 597
"C:/Users/Owner/Documents/Unreal Projects/Halloween/Content/grass.uexp" 598
"C:/Users/Owner/Documents/Unreal Projects/Halloween/Content/grass_Mat.uasset" 599
"C:/Users/Owner/Documents/Unreal Projects/Halloween/Content/grass_Mat.uexp" 600
"C:/Users/Owner/Documents/Unreal Projects/Halloween/Content/Characters/Mannequins/Meshes/SK_Mannequin.uasset" 601
"C:/Users/Owner/Documents/Unreal Projects/Halloween/Content/Characters/Mannequins/Meshes/SK_Mannequin.uexp" 602
"C:/Users/Owner/Documents/Unreal Projects/Halloween/Content/Characters/Mannequins/Textures/Quinn/T_Quinn_02ID_MSR_MSK.ubulk" 603
"C:/Users/Owner/Documents/Unreal Projects/Halloween/Content/Characters/Mannequins/Textures/Quinn/T_Quinn_02ID_MSR_MSK.uasset" 604
"C:/Users/Owner/Documents/Unreal Projects/Halloween/Content/Characters/Mannequins/Textures/Quinn/T_Quinn_02ID_MSR_MSK.uexp" 605
"C:/Users/Owner/Documents/Unreal Projects/Halloween/Content/Characters/Mannequins/Textures/Quinn/T_Quinn_02ID_BN.ubulk" 606
"C:/Users/Owner/Documents/Unreal Projects/Halloween/Content/Characters/Mannequins/Textures/Quinn/T_Quinn_02ID_BN.uasset" 607
"C:/Users/Owner/Documents/Unreal Projects/Halloween/Content/Characters/Mannequins/Textures/Quinn/T_Quinn_02ID_BN.uexp" 608
"C:/Users/Owner/Documents/Unreal Projects/Halloween/Content/Characters/Mannequins/Textures/Quinn/T_Quinn_02_ASAOMASK_MSK.ubulk" 609
"C:/Users/Owner/Documents/Unreal Projects/Halloween/Content/Characters/Mannequins/Textures/Quinn/T_Quinn_02_ASAOMASK_MSK.uasset" 610
"C:/Users/Owner/Documents/Unreal Projects/Halloween/Content/Characters/Mannequins/Textures/Quinn/T_Quinn_02_ASAOMASK_MSK.uexp" 611
"C:/Users/Owner/Documents/Unreal Projects/Halloween/Content/Characters/Mannequins/Textures/Quinn/T_Quinn_02_CCRCCPlastic_MSK.ubulk" 612
"C:/Users/Owner/Documents/Unreal Projects/Halloween/Content/Characters/Mannequins/Textures/Quinn/T_Quinn_02_CCRCCPlastic_MSK.uasset" 613
"C:/Users/Owner/Documents/Unreal Projects/Halloween/Content/Characters/Mannequins/Textures/Quinn/T_Quinn_02_CCRCCPlastic_MSK.uexp" 614
"C:/Users/Owner/Documents/Unreal Projects/Halloween/Content/Characters/Mannequins/Textures/Quinn/T_Quinn_02ID_Tan.ubulk" 615
"C:/Users/Owner/Documents/Unreal Projects/Halloween/Content/Characters/Mannequins/Textures/Quinn/T_Quinn_02ID_Tan.uasset" 616
"C:/Users/Owner/Documents/Unreal Projects/Halloween/Content/Characters/Mannequins/Textures/Quinn/T_Quinn_02ID_Tan.uexp" 617
"C:/Users/Owner/Documents/Unreal Projects/Halloween/Content/Characters/Mannequins/Textures/Quinn/T_Quinn_02ID_D.ubulk" 618
"C:/Users/Owner/Documents/Unreal Projects/Halloween/Content/Characters/Mannequins/Textures/Quinn/T_Quinn_02ID_D.uasset" 619
"C:/Users/Owner/Documents/Unreal Projects/Halloween/Content/Characters/Mannequins/Textures/Quinn/T_Quinn_02ID_D.uexp" 620
"C:/Users/Owner/Documents/Unreal Projects/Halloween/Content/Characters/Mannequins/Textures/Quinn/T_Quinn_01ID_MSR_MSK.ubulk" 621
"C:/Users/Owner/Documents/Unreal Projects/Halloween/Content/Characters/Mannequins/Textures/Quinn/T_Quinn_01ID_MSR_MSK.uasset" 622
"C:/Users/Owner/Documents/Unreal Projects/Halloween/Content/Characters/Mannequins/Textures/Quinn/T_Quinn_01ID_MSR_MSK.uexp" 623
"C:/Users/Owner/Documents/Unreal Projects/Halloween/Content/Characters/Mannequins/Materials/Functions/ChromaticCurve.uasset" 624
"C:/Users/Owner/Documents/Unreal Projects/Halloween/Content/Characters/Mannequins/Materials/Functions/ChromaticCurve.uexp" 625
"C:/Users/Owner/Documents/Unreal Projects/Halloween/Content/Characters/Mannequins/Materials/Functions/CA_Mannequin.uasset" 626
"C:/Users/Owner/Documents/Unreal Projects/Halloween/Content/Characters/Mannequins/Materials/Functions/CA_Mannequin.uexp" 627
"C:/Users/Owner/Documents/Unreal Projects/Halloween/Content/Characters/Mannequins/Materials/Functions/MF_Diffraction.uasset" 628
"C:/Users/Owner/Documents/Unreal Projects/Halloween/Content/Characters/Mannequins/Materials/Functions/MF_Diffraction.uexp" 629
"C:/Users/Owner/Documents/Unreal Projects/Halloween/Content/Characters/Mannequins/Textures/Manny/T_Manny_01_N.ubulk" 630
"C:/Users/Owner/Documents/Unreal Projects/Halloween/Content/Characters/Mannequins/Textures/Manny/T_Manny_01_N.uasset" 631
"C:/Users/Owner/Documents/Unreal Projects/Halloween/Content/Characters/Mannequins/Textures/Manny/T_Manny_01_N.uexp" 632
"C:/Users/Owner/Documents/Unreal Projects/Halloween/Content/Characters/Mannequins/Materials/Functions/ML_BaseColorFallOff.uasset" 633
"C:/Users/Owner/Documents/Unreal Projects/Halloween/Content/Characters/Mannequins/Materials/Functions/ML_BaseColorFallOff.uexp" 634
"../../../Engine/Content/Functions/Engine_MaterialFunctions01/Texturing/ScaleUVsByCenter.uasset" 635
"../../../Engine/Content/Functions/Engine_MaterialFunctions01/Texturing/ScaleUVsByCenter.uexp" 636
"C:/Users/Owner/Documents/Unreal Projects/Halloween/Content/Characters/Mannequins/Textures/Shared/T_UE_Logo_M.uasset" 637
"C:/Users/Owner/Documents/Unreal Projects/Halloween/Content/Characters/Mannequins/Textures/Shared/T_UE_Logo_M.uexp" 638
"C:/Users/Owner/Documents/Unreal Projects/Halloween/Content/Characters/Mannequins/Materials/Functions/MF_logo3layers.uasset" 639
"C:/Users/Owner/Documents/Unreal Projects/Halloween/Content/Characters/Mannequins/Materials/Functions/MF_logo3layers.uexp" 640
"C:/Users/Owner/Documents/Unreal Projects/Halloween/Content/Characters/Mannequins/Textures/Manny/T_Manny_01_CCRCCPlastic_MSK.ubulk" 641
"C:/Users/Owner/Documents/Unreal Projects/Halloween/Content/Characters/Mannequins/Textures/Manny/T_Manny_01_CCRCCPlastic_MSK.uasset" 642
"C:/Users/Owner/Documents/Unreal Projects/Halloween/Content/Characters/Mannequins/Textures/Manny/T_Manny_01_CCRCCPlastic_MSK.uexp" 643
"C:/Users/Owner/Documents/Unreal Projects/Halloween/Content/Characters/Mannequins/Textures/Manny/T_Manny_01_ASAOPMASK_MSK.ubulk" 644
"C:/Users/Owner/Documents/Unreal Projects/Halloween/Content/Characters/Mannequins/Textures/Manny/T_Manny_01_ASAOPMASK_MSK.uasset" 645
"C:/Users/Owner/Documents/Unreal Projects/Halloween/Content/Characters/Mannequins/Textures/Manny/T_Manny_01_ASAOPMASK_MSK.uexp" 646
"C:/Users/Owner/Documents/Unreal Projects/Halloween/Content/Characters/Mannequins/Textures/Manny/T_Manny_01_MSR_MSK.ubulk" 647
"C:/Users/Owner/Documents/Unreal Projects/Halloween/Content/Characters/Mannequins/Textures/Manny/T_Manny_01_MSR_MSK.uasset" 648
"C:/Users/Owner/Documents/Unreal Projects/Halloween/Content/Characters/Mannequins/Textures/Manny/T_Manny_01_MSR_MSK.uexp" 649
"C:/Users/Owner/Documents/Unreal Projects/Halloween/Content/Characters/Mannequins/Textures/Manny/T_Manny_01_BN.ubulk" 650
"C:/Users/Owner/Documents/Unreal Projects/Halloween/Content/Characters/Mannequins/Textures/Manny/T_Manny_01_BN.uasset" 651
"C:/Users/Owner/Documents/Unreal Projects/Halloween/Content/Characters/Mannequins/Textures/Manny/T_Manny_01_BN.uexp" 652
"C:/Users/Owner/Documents/Unreal Projects/Halloween/Content/Characters/Mannequins/Textures/Manny/T_Manny_01_D.ubulk" 653
"C:/Users/Owner/Documents/Unreal Projects/Halloween/Content/Characters/Mannequins/Textures/Manny/T_Manny_01_D.uasset" 654
"C:/Users/Owner/Documents/Unreal Projects/Halloween/Content/Characters/Mannequins/Textures/Manny/T_Manny_01_D.uexp" 655
"C:/Users/Owner/Documents/Unreal Projects/Halloween/Content/Characters/Mannequins/Textures/Manny/T_Manny_01_Tan.ubulk" 656
"C:/Users/Owner/Documents/Unreal Projects/Halloween/Content/Characters/Mannequins/Textures/Manny/T_Manny_01_Tan.uasset" 657
"C:/Users/Owner/Documents/Unreal Projects/Halloween/Content/Characters/Mannequins/Textures/Manny/T_Manny_01_Tan.uexp" 658
"C:/Users/Owner/Documents/Unreal Projects/Halloween/Content/Characters/Mannequins/Materials/M_Mannequin.uasset" 659
"C:/Users/Owner/Documents/Unreal Projects/Halloween/Content/Characters/Mannequins/Materials/M_Mannequin.uexp" 660
"C:/Users/Owner/Documents/Unreal Projects/Halloween/Content/Characters/Mannequins/Textures/Quinn/T_Quinn_01_ASAOMASK_MSK.ubulk" 661
"C:/Users/Owner/Documents/Unreal Projects/Halloween/Content/Characters/Mannequins/Textures/Quinn/T_Quinn_01_ASAOMASK_MSK.uasset" 662
"C:/Users/Owner/Documents/Unreal Projects/Halloween/Content/Characters/Mannequins/Textures/Quinn/T_Quinn_01_ASAOMASK_MSK.uexp" 663
"C:/Users/Owner/Documents/Unreal Projects/Halloween/Content/Characters/Mannequins/Textures/Quinn/T_Quinn_01ID_N.ubulk" 664
"C:/Users/Owner/Documents/Unreal Projects/Halloween/Content/Characters/Mannequins/Textures/Quinn/T_Quinn_01ID_N.uasset" 665
"C:/Users/Owner/Documents/Unreal Projects/Halloween/Content/Characters/Mannequins/Textures/Quinn/T_Quinn_01ID_N.uexp" 666
"C:/Users/Owner/Documents/Unreal Projects/Halloween/Content/Characters/Mannequins/Textures/Quinn/T_Quinn_01ID_BN.ubulk" 667
"C:/Users/Owner/Documents/Unreal Projects/Halloween/Content/Characters/Mannequins/Textures/Quinn/T_Quinn_01ID_BN.uasset" 668
"C:/Users/Owner/Documents/Unreal Projects/Halloween/Content/Characters/Mannequins/Textures/Quinn/T_Quinn_01ID_BN.uexp" 669
"C:/Users/Owner/Documents/Unreal Projects/Halloween/Content/Characters/Mannequins/Textures/Quinn/T_Quinn_01ID_D.ubulk" 670
"C:/Users/Owner/Documents/Unreal Projects/Halloween/Content/Characters/Mannequins/Textures/Quinn/T_Quinn_01ID_D.uasset" 671
"C:/Users/Owner/Documents/Unreal Projects/Halloween/Content/Characters/Mannequins/Textures/Quinn/T_Quinn_01ID_D.uexp" 672
"C:/Users/Owner/Documents/Unreal Projects/Halloween/Content/Characters/Mannequins/Textures/Quinn/T_Quinn_01ID_Tan.ubulk" 673
"C:/Users/Owner/Documents/Unreal Projects/Halloween/Content/Characters/Mannequins/Textures/Quinn/T_Quinn_01ID_Tan.uasset" 674
"C:/Users/Owner/Documents/Unreal Projects/Halloween/Content/Characters/Mannequins/Textures/Quinn/T_Quinn_01ID_Tan.uexp" 675
"C:/Users/Owner/Documents/Unreal Projects/Halloween/Content/Characters/Mannequins/Textures/Quinn/T_Quinn_01_CCRCCPlastic_MSK.ubulk" 676
"C:/Users/Owner/Documents/Unreal Projects/Halloween/Content/Characters/Mannequins/Textures/Quinn/T_Quinn_01_CCRCCPlastic_MSK.uasset" 677
"C:/Users/Owner/Documents/Unreal Projects/Halloween/Content/Characters/Mannequins/Textures/Quinn/T_Quinn_01_CCRCCPlastic_MSK.uexp" 678
"C:/Users/Owner/Documents/Unreal Projects/Halloween/Content/Characters/Mannequins/Materials/Instances/Quinn/MI_Quinn_01.uasset" 679
"C:/Users/Owner/Documents/Unreal Projects/Halloween/Content/Characters/Mannequins/Materials/Instances/Quinn/MI_Quinn_01.uexp" 680
"C:/Users/Owner/Documents/Unreal Projects/Halloween/Content/Characters/Mannequins/Textures/Quinn/T_Quinn_02ID_N.ubulk" 681
"C:/Users/Owner/Documents/Unreal Projects/Halloween/Content/Characters/Mannequins/Textures/Quinn/T_Quinn_02ID_N.uasset" 682
"C:/Users/Owner/Documents/Unreal Projects/Halloween/Content/Characters/Mannequins/Textures/Quinn/T_Quinn_02ID_N.uexp" 683
"C:/Users/Owner/Documents/Unreal Projects/Halloween/Content/Characters/Mannequins/Materials/Instances/Quinn/MI_Quinn_02.uasset" 684
"C:/Users/Owner/Documents/Unreal Projects/Halloween/Content/Characters/Mannequins/Materials/Instances/Quinn/MI_Quinn_02.uexp" 685
"C:/Users/Owner/Documents/Unreal Projects/Halloween/Content/Characters/Mannequins/Rigs/PA_Mannequin.uasset" 686
"C:/Users/Owner/Documents/Unreal Projects/Halloween/Content/Characters/Mannequins/Rigs/PA_Mannequin.uexp" 687
"C:/Users/Owner/Documents/Unreal Projects/Halloween/Content/Characters/Mannequins/Meshes/SKM_Quinn_Simple.uasset" 688
"C:/Users/Owner/Documents/Unreal Projects/Halloween/Content/Characters/Mannequins/Meshes/SKM_Quinn_Simple.uexp" 689
"../../../Engine/Content/Animation/DefaultAnimCurveCompressionSettings.uasset" 690
"../../../Engine/Content/Animation/DefaultAnimCurveCompressionSettings.uexp" 691
"../../../Engine/Content/Animation/DefaultAnimBoneCompressionSettings.uasset" 692
"../../../Engine/Content/Animation/DefaultAnimBoneCompressionSettings.uexp" 693
"C:/Users/Owner/Documents/Unreal Projects/Halloween/Content/Characters/Mannequins/Animations/Quinn/MF_Run_Fwd.uasset" 694
"C:/Users/Owner/Documents/Unreal Projects/Halloween/Content/Characters/Mannequins/Animations/Quinn/MF_Run_Fwd.uexp" 695
"C:/Users/Owner/Documents/Unreal Projects/Halloween/Content/Characters/Mannequins/Animations/Quinn/MF_Walk_Fwd.uasset" 696
"C:/Users/Owner/Documents/Unreal Projects/Halloween/Content/Characters/Mannequins/Animations/Quinn/MF_Walk_Fwd.uexp" 697
"../../../Engine/Content/Animation/DefaultRecorderBoneCompression.uasset" 698
"../../../Engine/Content/Animation/DefaultRecorderBoneCompression.uexp" 699
"C:/Users/Owner/Documents/Unreal Projects/Halloween/Content/Characters/Mannequins/Animations/Manny/MM_Walk_InPlace.uasset" 700
"C:/Users/Owner/Documents/Unreal Projects/Halloween/Content/Characters/Mannequins/Animations/Manny/MM_Walk_InPlace.uexp" 701
"C:/Users/Owner/Documents/Unreal Projects/Halloween/Content/Characters/Mannequins/Animations/Quinn/BS_MF_Unarmed_WalkRun.uasset" 702
"C:/Users/Owner/Documents/Unreal Projects/Halloween/Content/Characters/Mannequins/Animations/Quinn/BS_MF_Unarmed_WalkRun.uexp" 703
"C:/Users/Owner/Documents/Unreal Projects/Halloween/Content/Characters/Mannequins/Animations/Quinn/MF_Idle.uasset" 704
"C:/Users/Owner/Documents/Unreal Projects/Halloween/Content/Characters/Mannequins/Animations/Quinn/MF_Idle.uexp" 705
"C:/Users/Owner/Documents/Unreal Projects/Halloween/Content/Characters/Mannequins/Animations/Manny/MM_Fall_Loop.uasset" 706
"C:/Users/Owner/Documents/Unreal Projects/Halloween/Content/Characters/Mannequins/Animations/Manny/MM_Fall_Loop.uexp" 707
"C:/Users/Owner/Documents/Unreal Projects/Halloween/Content/Characters/Mannequins/Animations/Manny/MM_Jump.uasset" 708
"C:/Users/Owner/Documents/Unreal Projects/Halloween/Content/Characters/Mannequins/Animations/Manny/MM_Jump.uexp" 709
"../../../Engine/Plugins/Animation/ControlRig/Content/Controls/DefaultGizmoLibrary.uasset" 710
"../../../Engine/Plugins/Animation/ControlRig/Content/Controls/DefaultGizmoLibrary.uexp" 711
"C:/Users/Owner/Documents/Unreal Projects/Halloween/Content/Characters/Mannequins/Rigs/CR_Mannequin_BasicFootIK.uasset" 712
"C:/Users/Owner/Documents/Unreal Projects/Halloween/Content/Characters/Mannequins/Rigs/CR_Mannequin_BasicFootIK.uexp" 713
"C:/Users/Owner/Documents/Unreal Projects/Halloween/Content/Characters/Mannequins/Animations/Manny/MM_Run_Fwd.uasset" 714
"C:/Users/Owner/Documents/Unreal Projects/Halloween/Content/Characters/Mannequins/Animations/Manny/MM_Run_Fwd.uexp" 715
"C:/Users/Owner/Documents/Unreal Projects/Halloween/Content/Characters/Mannequins/Animations/Manny/MM_Walk_Fwd.uasset" 716
"C:/Users/Owner/Documents/Unreal Projects/Halloween/Content/Characters/Mannequins/Animations/Manny/MM_Walk_Fwd.uexp" 717
"C:/Users/Owner/Documents/Unreal Projects/Halloween/Content/Characters/Mannequins/Animations/Manny/BS_MM_WalkRun.uasset" 718
"C:/Users/Owner/Documents/Unreal Projects/Halloween/Content/Characters/Mannequins/Animations/Manny/BS_MM_WalkRun.uexp" 719
"C:/Users/Owner/Documents/Unreal Projects/Halloween/Content/Characters/Mannequins/Animations/Manny/MM_Land.uasset" 720
"C:/Users/Owner/Documents/Unreal Projects/Halloween/Content/Characters/Mannequins/Animations/Manny/MM_Land.uexp" 721
"C:/Users/Owner/Documents/Unreal Projects/Halloween/Content/Characters/Mannequins/Animations/Manny/MM_Idle.uasset" 722
"C:/Users/Owner/Documents/Unreal Projects/Halloween/Content/Characters/Mannequins/Animations/Manny/MM_Idle.uexp" 723
"C:/Users/Owner/Documents/Unreal Projects/Halloween/Content/Characters/Mannequins/Animations/ABP_Manny.uasset" 724
"C:/Users/Owner/Documents/Unreal Projects/Halloween/Content/Characters/Mannequins/Animations/ABP_Manny.uexp" 725
"C:/Users/Owner/Documents/Unreal Projects/Halloween/Content/Characters/Mannequins/Animations/ABP_Quinn.uasset" 726
"C:/Users/Owner/Documents/Unreal Projects/Halloween/Content/Characters/Mannequins/Animations/ABP_Quinn.uexp" 727
"C:/Users/Owner/Documents/Unreal Projects/Halloween/Content/ThirdPerson/Blueprints/BP_ThirdPersonCharacter.uasset" 728
"C:/Users/Owner/Documents/Unreal Projects/Halloween/Content/ThirdPerson/Blueprints/BP_ThirdPersonCharacter.uexp" 729
"C:/Users/Owner/Documents/Unreal Projects/Halloween/Content/Material_001_Base_Color.uasset" 730
"C:/Users/Owner/Documents/Unreal Projects/Halloween/Content/Material_001_Base_Color.uexp" 731
"C:/Users/Owner/Documents/Unreal Projects/Halloween/Content/Material_001_Base_Color_Mat.uasset" 732
"C:/Users/Owner/Documents/Unreal Projects/Halloween/Content/Material_001_Base_Color_Mat.uexp" 733
"C:/Users/Owner/Documents/Unreal Projects/Halloween/Content/CandyCorn.ubulk" 734
"C:/Users/Owner/Documents/Unreal Projects/Halloween/Content/CandyCorn.uasset" 735
"C:/Users/Owner/Documents/Unreal Projects/Halloween/Content/CandyCorn.uexp" 736
"C:/Users/Owner/Documents/Unreal Projects/Halloween/Content/CandyCorn_Blueprint.uasset" 737
"C:/Users/Owner/Documents/Unreal Projects/Halloween/Content/CandyCorn_Blueprint.uexp" 738
"C:/Users/Owner/Documents/Unreal Projects/Halloween/Content/GreenwoodFantasyVillage/Textures/Fence/T_Fence_bc.ubulk" 739
"C:/Users/Owner/Documents/Unreal Projects/Halloween/Content/GreenwoodFantasyVillage/Textures/Fence/T_Fence_bc.uasset" 740
"C:/Users/Owner/Documents/Unreal Projects/Halloween/Content/GreenwoodFantasyVillage/Textures/Fence/T_Fence_bc.uexp" 741
"C:/Users/Owner/Documents/Unreal Projects/Halloween/Content/GreenwoodFantasyVillage/Textures/Fence/T_Fence_ao_r_m.ubulk" 742
"C:/Users/Owner/Documents/Unreal Projects/Halloween/Content/GreenwoodFantasyVillage/Textures/Fence/T_Fence_ao_r_m.uasset" 743
"C:/Users/Owner/Documents/Unreal Projects/Halloween/Content/GreenwoodFantasyVillage/Textures/Fence/T_Fence_ao_r_m.uexp" 744
"C:/Users/Owner/Documents/Unreal Projects/Halloween/Content/GreenwoodFantasyVillage/Textures/HouseA/T_HouseA_01_bc.ubulk" 745
"C:/Users/Owner/Documents/Unreal Projects/Halloween/Content/GreenwoodFantasyVillage/Textures/HouseA/T_HouseA_01_bc.uasset" 746
"C:/Users/Owner/Documents/Unreal Projects/Halloween/Content/GreenwoodFantasyVillage/Textures/HouseA/T_HouseA_01_bc.uexp" 747
"C:/Users/Owner/Documents/Unreal Projects/Halloween/Content/GreenwoodFantasyVillage/Textures/HouseA/T_HouseA_ao_r_m.ubulk" 748
"C:/Users/Owner/Documents/Unreal Projects/Halloween/Content/GreenwoodFantasyVillage/Textures/HouseA/T_HouseA_ao_r_m.uasset" 749
"C:/Users/Owner/Documents/Unreal Projects/Halloween/Content/GreenwoodFantasyVillage/Textures/HouseA/T_HouseA_ao_r_m.uexp" 750
"C:/Users/Owner/Documents/Unreal Projects/Halloween/Content/GreenwoodFantasyVillage/Textures/HouseA/T_HouseA_n.ubulk" 751
"C:/Users/Owner/Documents/Unreal Projects/Halloween/Content/GreenwoodFantasyVillage/Textures/HouseA/T_HouseA_n.uasset" 752
"C:/Users/Owner/Documents/Unreal Projects/Halloween/Content/GreenwoodFantasyVillage/Textures/HouseA/T_HouseA_n.uexp" 753
"C:/Users/Owner/Documents/Unreal Projects/Halloween/Content/GreenwoodFantasyVillage/Materials/MasterMaterials/M_Opaque.uasset" 754
"C:/Users/Owner/Documents/Unreal Projects/Halloween/Content/GreenwoodFantasyVillage/Materials/MasterMaterials/M_Opaque.uexp" 755
"C:/Users/Owner/Documents/Unreal Projects/Halloween/Content/GreenwoodFantasyVillage/Textures/Fence/T_Fence_n.ubulk" 756
"C:/Users/Owner/Documents/Unreal Projects/Halloween/Content/GreenwoodFantasyVillage/Textures/Fence/T_Fence_n.uasset" 757
"C:/Users/Owner/Documents/Unreal Projects/Halloween/Content/GreenwoodFantasyVillage/Textures/Fence/T_Fence_n.uexp" 758
"C:/Users/Owner/Documents/Unreal Projects/Halloween/Content/GreenwoodFantasyVillage/Materials/MI_Fence.uasset" 759
"C:/Users/Owner/Documents/Unreal Projects/Halloween/Content/GreenwoodFantasyVillage/Materials/MI_Fence.uexp" 760
"C:/Users/Owner/Documents/Unreal Projects/Halloween/Content/GreenwoodFantasyVillage/Meshes/SM_WaymarkA.ubulk" 761
"C:/Users/Owner/Documents/Unreal Projects/Halloween/Content/GreenwoodFantasyVillage/Meshes/SM_WaymarkA.uasset" 762
"C:/Users/Owner/Documents/Unreal Projects/Halloween/Content/GreenwoodFantasyVillage/Meshes/SM_WaymarkA.uexp" 763
"C:/Users/Owner/Documents/Unreal Projects/Halloween/Content/GreenwoodFantasyVillage/Textures/Plants/T_PlantsLODs_bc.ubulk" 764
"C:/Users/Owner/Documents/Unreal Projects/Halloween/Content/GreenwoodFantasyVillage/Textures/Plants/T_PlantsLODs_bc.uasset" 765
"C:/Users/Owner/Documents/Unreal Projects/Halloween/Content/GreenwoodFantasyVillage/Textures/Plants/T_PlantsLODs_bc.uexp" 766
"C:/Users/Owner/Documents/Unreal Projects/Halloween/Content/GreenwoodFantasyVillage/Textures/Plants/T_PlantsLODs_ao_r_m.ubulk" 767
"C:/Users/Owner/Documents/Unreal Projects/Halloween/Content/GreenwoodFantasyVillage/Textures/Plants/T_PlantsLODs_ao_r_m.uasset" 768
"C:/Users/Owner/Documents/Unreal Projects/Halloween/Content/GreenwoodFantasyVillage/Textures/Plants/T_PlantsLODs_ao_r_m.uexp" 769
"C:/Users/Owner/Documents/Unreal Projects/Halloween/Content/GreenwoodFantasyVillage/Materials/MasterMaterials/M_Masked.uasset" 770
"C:/Users/Owner/Documents/Unreal Projects/Halloween/Content/GreenwoodFantasyVillage/Materials/MasterMaterials/M_Masked.uexp" 771
"C:/Users/Owner/Documents/Unreal Projects/Halloween/Content/GreenwoodFantasyVillage/Textures/Plants/T_PlantsLODs_n.uasset" 772
"C:/Users/Owner/Documents/Unreal Projects/Halloween/Content/GreenwoodFantasyVillage/Textures/Plants/T_PlantsLODs_n.uexp" 773
"C:/Users/Owner/Documents/Unreal Projects/Halloween/Content/GreenwoodFantasyVillage/Materials/MI_PlantsLODs.uasset" 774
"C:/Users/Owner/Documents/Unreal Projects/Halloween/Content/GreenwoodFantasyVillage/Materials/MI_PlantsLODs.uexp" 775
"C:/Users/Owner/Documents/Unreal Projects/Halloween/Content/GreenwoodFantasyVillage/Textures/Plants/T_Plants_n.ubulk" 776
"C:/Users/Owner/Documents/Unreal Projects/Halloween/Content/GreenwoodFantasyVillage/Textures/Plants/T_Plants_n.uasset" 777
"C:/Users/Owner/Documents/Unreal Projects/Halloween/Content/GreenwoodFantasyVillage/Textures/Plants/T_Plants_n.uexp" 778
"C:/Users/Owner/Documents/Unreal Projects/Halloween/Content/GreenwoodFantasyVillage/Textures/Plants/T_Plants_ao_r_m.ubulk" 779
"C:/Users/Owner/Documents/Unreal Projects/Halloween/Content/GreenwoodFantasyVillage/Textures/Plants/T_Plants_ao_r_m.uasset" 780
"C:/Users/Owner/Documents/Unreal Projects/Halloween/Content/GreenwoodFantasyVillage/Textures/Plants/T_Plants_ao_r_m.uexp" 781
"C:/Users/Owner/Documents/Unreal Projects/Halloween/Content/GreenwoodFantasyVillage/Textures/Plants/T_Plants_bc.ubulk" 782
"C:/Users/Owner/Documents/Unreal Projects/Halloween/Content/GreenwoodFantasyVillage/Textures/Plants/T_Plants_bc.uasset" 783
"C:/Users/Owner/Documents/Unreal Projects/Halloween/Content/GreenwoodFantasyVillage/Textures/Plants/T_Plants_bc.uexp" 784
"C:/Users/Owner/Documents/Unreal Projects/Halloween/Content/GreenwoodFantasyVillage/Materials/MasterMaterials/M_Masked_2sided.uasset" 785
"C:/Users/Owner/Documents/Unreal Projects/Halloween/Content/GreenwoodFantasyVillage/Materials/MasterMaterials/M_Masked_2sided.uexp" 786
"C:/Users/Owner/Documents/Unreal Projects/Halloween/Content/GreenwoodFantasyVillage/Materials/MI_Plants.uasset" 787
"C:/Users/Owner/Documents/Unreal Projects/Halloween/Content/GreenwoodFantasyVillage/Materials/MI_Plants.uexp" 788
"C:/Users/Owner/Documents/Unreal Projects/Halloween/Content/GreenwoodFantasyVillage/Meshes/SM_Tree_D.ubulk" 789
"C:/Users/Owner/Documents/Unreal Projects/Halloween/Content/GreenwoodFantasyVillage/Meshes/SM_Tree_D.uasset" 790
"C:/Users/Owner/Documents/Unreal Projects/Halloween/Content/GreenwoodFantasyVillage/Meshes/SM_Tree_D.uexp" 791
"C:/Users/Owner/Documents/Unreal Projects/Halloween/Content/GreenwoodFantasyVillage/Meshes/SM_Tree_B.ubulk" 792
"C:/Users/Owner/Documents/Unreal Projects/Halloween/Content/GreenwoodFantasyVillage/Meshes/SM_Tree_B.uasset" 793
"C:/Users/Owner/Documents/Unreal Projects/Halloween/Content/GreenwoodFantasyVillage/Meshes/SM_Tree_B.uexp" 794
"C:/Users/Owner/Documents/Unreal Projects/Halloween/Content/GreenwoodFantasyVillage/Meshes/SM_Tree_A.ubulk" 795
"C:/Users/Owner/Documents/Unreal Projects/Halloween/Content/GreenwoodFantasyVillage/Meshes/SM_Tree_A.uasset" 796
"C:/Users/Owner/Documents/Unreal Projects/Halloween/Content/GreenwoodFantasyVillage/Meshes/SM_Tree_A.uexp" 797
"C:/Users/Owner/Documents/Unreal Projects/Halloween/Content/GreenwoodFantasyVillage/Materials/MasterMaterials/M_Opaque_DitheredLOD.uasset" 798
"C:/Users/Owner/Documents/Unreal Projects/Halloween/Content/GreenwoodFantasyVillage/Materials/MasterMaterials/M_Opaque_DitheredLOD.uexp" 799
"C:/Users/Owner/Documents/Unreal Projects/Halloween/Content/GreenwoodFantasyVillage/Textures/Vegetables/T_Vegetables_n.ubulk" 800
"C:/Users/Owner/Documents/Unreal Projects/Halloween/Content/GreenwoodFantasyVillage/Textures/Vegetables/T_Vegetables_n.uasset" 801
"C:/Users/Owner/Documents/Unreal Projects/Halloween/Content/GreenwoodFantasyVillage/Textures/Vegetables/T_Vegetables_n.uexp" 802
"C:/Users/Owner/Documents/Unreal Projects/Halloween/Content/GreenwoodFantasyVillage/Textures/Vegetables/T_Vegetables_bc.ubulk" 803
"C:/Users/Owner/Documents/Unreal Projects/Halloween/Content/GreenwoodFantasyVillage/Textures/Vegetables/T_Vegetables_bc.uasset" 804
"C:/Users/Owner/Documents/Unreal Projects/Halloween/Content/GreenwoodFantasyVillage/Textures/Vegetables/T_Vegetables_bc.uexp" 805
"C:/Users/Owner/Documents/Unreal Projects/Halloween/Content/GreenwoodFantasyVillage/Textures/Vegetables/T_Vegetables_ao_r_m.ubulk" 806
"C:/Users/Owner/Documents/Unreal Projects/Halloween/Content/GreenwoodFantasyVillage/Textures/Vegetables/T_Vegetables_ao_r_m.uasset" 807
"C:/Users/Owner/Documents/Unreal Projects/Halloween/Content/GreenwoodFantasyVillage/Textures/Vegetables/T_Vegetables_ao_r_m.uexp" 808
"C:/Users/Owner/Documents/Unreal Projects/Halloween/Content/GreenwoodFantasyVillage/Materials/MI_Vegetables.uasset" 809
"C:/Users/Owner/Documents/Unreal Projects/Halloween/Content/GreenwoodFantasyVillage/Materials/MI_Vegetables.uexp" 810
"C:/Users/Owner/Documents/Unreal Projects/Halloween/Content/GreenwoodFantasyVillage/Meshes/SM_Pumpkin.ubulk" 811
"C:/Users/Owner/Documents/Unreal Projects/Halloween/Content/GreenwoodFantasyVillage/Meshes/SM_Pumpkin.uasset" 812
"C:/Users/Owner/Documents/Unreal Projects/Halloween/Content/GreenwoodFantasyVillage/Meshes/SM_Pumpkin.uexp" 813
"C:/Users/Owner/Documents/Unreal Projects/Halloween/Content/GreenwoodFantasyVillage/Textures/Lighthouse/T_Lighthouse_n.ubulk" 814
"C:/Users/Owner/Documents/Unreal Projects/Halloween/Content/GreenwoodFantasyVillage/Textures/Lighthouse/T_Lighthouse_n.uasset" 815
"C:/Users/Owner/Documents/Unreal Projects/Halloween/Content/GreenwoodFantasyVillage/Textures/Lighthouse/T_Lighthouse_n.uexp" 816
"C:/Users/Owner/Documents/Unreal Projects/Halloween/Content/GreenwoodFantasyVillage/Textures/Lighthouse/T_Lighthouse_e.ubulk" 817
"C:/Users/Owner/Documents/Unreal Projects/Halloween/Content/GreenwoodFantasyVillage/Textures/Lighthouse/T_Lighthouse_e.uasset" 818
"C:/Users/Owner/Documents/Unreal Projects/Halloween/Content/GreenwoodFantasyVillage/Textures/Lighthouse/T_Lighthouse_e.uexp" 819
"C:/Users/Owner/Documents/Unreal Projects/Halloween/Content/GreenwoodFantasyVillage/Textures/HouseA/T_HouseA_e.ubulk" 820
"C:/Users/Owner/Documents/Unreal Projects/Halloween/Content/GreenwoodFantasyVillage/Textures/HouseA/T_HouseA_e.uasset" 821
"C:/Users/Owner/Documents/Unreal Projects/Halloween/Content/GreenwoodFantasyVillage/Textures/HouseA/T_HouseA_e.uexp" 822
"C:/Users/Owner/Documents/Unreal Projects/Halloween/Content/GreenwoodFantasyVillage/Materials/MasterMaterials/M_Opaque_Emissive.uasset" 823
"C:/Users/Owner/Documents/Unreal Projects/Halloween/Content/GreenwoodFantasyVillage/Materials/MasterMaterials/M_Opaque_Emissive.uexp" 824
"C:/Users/Owner/Documents/Unreal Projects/Halloween/Content/GreenwoodFantasyVillage/Textures/Lighthouse/T_Lighthouse_bc.ubulk" 825
"C:/Users/Owner/Documents/Unreal Projects/Halloween/Content/GreenwoodFantasyVillage/Textures/Lighthouse/T_Lighthouse_bc.uasset" 826
"C:/Users/Owner/Documents/Unreal Projects/Halloween/Content/GreenwoodFantasyVillage/Textures/Lighthouse/T_Lighthouse_bc.uexp" 827
"C:/Users/Owner/Documents/Unreal Projects/Halloween/Content/GreenwoodFantasyVillage/Textures/Lighthouse/T_Lighthouse_ao_r_m.ubulk" 828
"C:/Users/Owner/Documents/Unreal Projects/Halloween/Content/GreenwoodFantasyVillage/Textures/Lighthouse/T_Lighthouse_ao_r_m.uasset" 829
"C:/Users/Owner/Documents/Unreal Projects/Halloween/Content/GreenwoodFantasyVillage/Textures/Lighthouse/T_Lighthouse_ao_r_m.uexp" 830
"C:/Users/Owner/Documents/Unreal Projects/Halloween/Content/GreenwoodFantasyVillage/Materials/MI_Lighthouse.uasset" 831
"C:/Users/Owner/Documents/Unreal Projects/Halloween/Content/GreenwoodFantasyVillage/Materials/MI_Lighthouse.uexp" 832
"C:/Users/Owner/Documents/Unreal Projects/Halloween/Content/GreenwoodFantasyVillage/Meshes/SM_Lighthouse.ubulk" 833
"C:/Users/Owner/Documents/Unreal Projects/Halloween/Content/GreenwoodFantasyVillage/Meshes/SM_Lighthouse.uasset" 834
"C:/Users/Owner/Documents/Unreal Projects/Halloween/Content/GreenwoodFantasyVillage/Meshes/SM_Lighthouse.uexp" 835
"C:/Users/Owner/Documents/Unreal Projects/Halloween/Content/GreenwoodFantasyVillage/Textures/HouseC/T_HouseC_e.ubulk" 836
"C:/Users/Owner/Documents/Unreal Projects/Halloween/Content/GreenwoodFantasyVillage/Textures/HouseC/T_HouseC_e.uasset" 837
"C:/Users/Owner/Documents/Unreal Projects/Halloween/Content/GreenwoodFantasyVillage/Textures/HouseC/T_HouseC_e.uexp" 838
"C:/Users/Owner/Documents/Unreal Projects/Halloween/Content/GreenwoodFantasyVillage/Textures/HouseC/T_HouseC_n.ubulk" 839
"C:/Users/Owner/Documents/Unreal Projects/Halloween/Content/GreenwoodFantasyVillage/Textures/HouseC/T_HouseC_n.uasset" 840
"C:/Users/Owner/Documents/Unreal Projects/Halloween/Content/GreenwoodFantasyVillage/Textures/HouseC/T_HouseC_n.uexp" 841
"C:/Users/Owner/Documents/Unreal Projects/Halloween/Content/GreenwoodFantasyVillage/Textures/HouseC/T_HouseC_gray_bc.ubulk" 842
"C:/Users/Owner/Documents/Unreal Projects/Halloween/Content/GreenwoodFantasyVillage/Textures/HouseC/T_HouseC_gray_bc.uasset" 843
"C:/Users/Owner/Documents/Unreal Projects/Halloween/Content/GreenwoodFantasyVillage/Textures/HouseC/T_HouseC_gray_bc.uexp" 844
"C:/Users/Owner/Documents/Unreal Projects/Halloween/Content/GreenwoodFantasyVillage/Textures/HouseA/T_HouseA_gray_bc.ubulk" 845
"C:/Users/Owner/Documents/Unreal Projects/Halloween/Content/GreenwoodFantasyVillage/Textures/HouseA/T_HouseA_gray_bc.uasset" 846
"C:/Users/Owner/Documents/Unreal Projects/Halloween/Content/GreenwoodFantasyVillage/Textures/HouseA/T_HouseA_gray_bc.uexp" 847
"C:/Users/Owner/Documents/Unreal Projects/Halloween/Content/GreenwoodFantasyVillage/Textures/HouseA/T_HouseA_mask.ubulk" 848
"C:/Users/Owner/Documents/Unreal Projects/Halloween/Content/GreenwoodFantasyVillage/Textures/HouseA/T_HouseA_mask.uasset" 849
"C:/Users/Owner/Documents/Unreal Projects/Halloween/Content/GreenwoodFantasyVillage/Textures/HouseA/T_HouseA_mask.uexp" 850
"C:/Users/Owner/Documents/Unreal Projects/Halloween/Content/GreenwoodFantasyVillage/Materials/MasterMaterials/M_Opaque_Emissive_colorMask.uasset" 851
"C:/Users/Owner/Documents/Unreal Projects/Halloween/Content/GreenwoodFantasyVillage/Materials/MasterMaterials/M_Opaque_Emissive_colorMask.uexp" 852
"C:/Users/Owner/Documents/Unreal Projects/Halloween/Content/GreenwoodFantasyVillage/Textures/HouseC/T_HouseC_mask.ubulk" 853
"C:/Users/Owner/Documents/Unreal Projects/Halloween/Content/GreenwoodFantasyVillage/Textures/HouseC/T_HouseC_mask.uasset" 854
"C:/Users/Owner/Documents/Unreal Projects/Halloween/Content/GreenwoodFantasyVillage/Textures/HouseC/T_HouseC_mask.uexp" 855
"C:/Users/Owner/Documents/Unreal Projects/Halloween/Content/GreenwoodFantasyVillage/Textures/HouseC/T_HouseC_ao_r_m.ubulk" 856
"C:/Users/Owner/Documents/Unreal Projects/Halloween/Content/GreenwoodFantasyVillage/Textures/HouseC/T_HouseC_ao_r_m.uasset" 857
"C:/Users/Owner/Documents/Unreal Projects/Halloween/Content/GreenwoodFantasyVillage/Textures/HouseC/T_HouseC_ao_r_m.uexp" 858
"C:/Users/Owner/Documents/Unreal Projects/Halloween/Content/GreenwoodFantasyVillage/Materials/MI_HouseC_03_night.uasset" 859
"C:/Users/Owner/Documents/Unreal Projects/Halloween/Content/GreenwoodFantasyVillage/Materials/MI_HouseC_03_night.uexp" 860
"C:/Users/Owner/Documents/Unreal Projects/Halloween/Content/GreenwoodFantasyVillage/Meshes/SM_HouseC.ubulk" 861
"C:/Users/Owner/Documents/Unreal Projects/Halloween/Content/GreenwoodFantasyVillage/Meshes/SM_HouseC.uasset" 862
"C:/Users/Owner/Documents/Unreal Projects/Halloween/Content/GreenwoodFantasyVillage/Meshes/SM_HouseC.uexp" 863
"C:/Users/Owner/Documents/Unreal Projects/Halloween/Content/GreenwoodFantasyVillage/Textures/HouseB/T_HauseB_01_ao_r_m.ubulk" 864
"C:/Users/Owner/Documents/Unreal Projects/Halloween/Content/GreenwoodFantasyVillage/Textures/HouseB/T_HauseB_01_ao_r_m.uasset" 865
"C:/Users/Owner/Documents/Unreal Projects/Halloween/Content/GreenwoodFantasyVillage/Textures/HouseB/T_HauseB_01_ao_r_m.uexp" 866
"C:/Users/Owner/Documents/Unreal Projects/Halloween/Content/GreenwoodFantasyVillage/Textures/HouseB/T_HauseB_01_n.ubulk" 867
"C:/Users/Owner/Documents/Unreal Projects/Halloween/Content/GreenwoodFantasyVillage/Textures/HouseB/T_HauseB_01_n.uasset" 868
"C:/Users/Owner/Documents/Unreal Projects/Halloween/Content/GreenwoodFantasyVillage/Textures/HouseB/T_HauseB_01_n.uexp" 869
"C:/Users/Owner/Documents/Unreal Projects/Halloween/Content/GreenwoodFantasyVillage/Textures/HouseB/T_HauseB_01_e.ubulk" 870
"C:/Users/Owner/Documents/Unreal Projects/Halloween/Content/GreenwoodFantasyVillage/Textures/HouseB/T_HauseB_01_e.uasset" 871
"C:/Users/Owner/Documents/Unreal Projects/Halloween/Content/GreenwoodFantasyVillage/Textures/HouseB/T_HauseB_01_e.uexp" 872
"C:/Users/Owner/Documents/Unreal Projects/Halloween/Content/GreenwoodFantasyVillage/Textures/HouseB/T_HauseB_gray_bc.ubulk" 873
"C:/Users/Owner/Documents/Unreal Projects/Halloween/Content/GreenwoodFantasyVillage/Textures/HouseB/T_HauseB_gray_bc.uasset" 874
"C:/Users/Owner/Documents/Unreal Projects/Halloween/Content/GreenwoodFantasyVillage/Textures/HouseB/T_HauseB_gray_bc.uexp" 875
"C:/Users/Owner/Documents/Unreal Projects/Halloween/Content/GreenwoodFantasyVillage/Textures/HouseB/T_HauseB_mask.ubulk" 876
"C:/Users/Owner/Documents/Unreal Projects/Halloween/Content/GreenwoodFantasyVillage/Textures/HouseB/T_HauseB_mask.uasset" 877
"C:/Users/Owner/Documents/Unreal Projects/Halloween/Content/GreenwoodFantasyVillage/Textures/HouseB/T_HauseB_mask.uexp" 878
"C:/Users/Owner/Documents/Unreal Projects/Halloween/Content/GreenwoodFantasyVillage/Materials/MI_HouseB_03_night.uasset" 879
"C:/Users/Owner/Documents/Unreal Projects/Halloween/Content/GreenwoodFantasyVillage/Materials/MI_HouseB_03_night.uexp" 880
"C:/Users/Owner/Documents/Unreal Projects/Halloween/Content/GreenwoodFantasyVillage/Meshes/SM_HouseB.ubulk" 881
"C:/Users/Owner/Documents/Unreal Projects/Halloween/Content/GreenwoodFantasyVillage/Meshes/SM_HouseB.uasset" 882
"C:/Users/Owner/Documents/Unreal Projects/Halloween/Content/GreenwoodFantasyVillage/Meshes/SM_HouseB.uexp" 883
"C:/Users/Owner/Documents/Unreal Projects/Halloween/Content/GreenwoodFantasyVillage/Materials/MI_HouseA_03_night.uasset" 884
"C:/Users/Owner/Documents/Unreal Projects/Halloween/Content/GreenwoodFantasyVillage/Materials/MI_HouseA_03_night.uexp" 885
"C:/Users/Owner/Documents/Unreal Projects/Halloween/Content/GreenwoodFantasyVillage/Meshes/SM_HouseA.ubulk" 886
"C:/Users/Owner/Documents/Unreal Projects/Halloween/Content/GreenwoodFantasyVillage/Meshes/SM_HouseA.uasset" 887
"C:/Users/Owner/Documents/Unreal Projects/Halloween/Content/GreenwoodFantasyVillage/Meshes/SM_HouseA.uexp" 888
"C:/Users/Owner/Documents/Unreal Projects/Halloween/Content/GreenwoodFantasyVillage/Textures/Landscape/T_Soil_n.ubulk" 889
"C:/Users/Owner/Documents/Unreal Projects/Halloween/Content/GreenwoodFantasyVillage/Textures/Landscape/T_Soil_n.uasset" 890
"C:/Users/Owner/Documents/Unreal Projects/Halloween/Content/GreenwoodFantasyVillage/Textures/Landscape/T_Soil_n.uexp" 891
"C:/Users/Owner/Documents/Unreal Projects/Halloween/Content/GreenwoodFantasyVillage/Textures/Landscape/T_Ground_n.ubulk" 892
"C:/Users/Owner/Documents/Unreal Projects/Halloween/Content/GreenwoodFantasyVillage/Textures/Landscape/T_Ground_n.uasset" 893
"C:/Users/Owner/Documents/Unreal Projects/Halloween/Content/GreenwoodFantasyVillage/Textures/Landscape/T_Ground_n.uexp" 894
"C:/Users/Owner/Documents/Unreal Projects/Halloween/Content/GreenwoodFantasyVillage/Textures/Landscape/T_Grass_bc_r.ubulk" 895
"C:/Users/Owner/Documents/Unreal Projects/Halloween/Content/GreenwoodFantasyVillage/Textures/Landscape/T_Grass_bc_r.uasset" 896
"C:/Users/Owner/Documents/Unreal Projects/Halloween/Content/GreenwoodFantasyVillage/Textures/Landscape/T_Grass_bc_r.uexp" 897
"C:/Users/Owner/Documents/Unreal Projects/Halloween/Content/GreenwoodFantasyVillage/Textures/Landscape/T_Rock_bc_r.ubulk" 898
"C:/Users/Owner/Documents/Unreal Projects/Halloween/Content/GreenwoodFantasyVillage/Textures/Landscape/T_Rock_bc_r.uasset" 899
"C:/Users/Owner/Documents/Unreal Projects/Halloween/Content/GreenwoodFantasyVillage/Textures/Landscape/T_Rock_bc_r.uexp" 900
"C:/Users/Owner/Documents/Unreal Projects/Halloween/Content/GreenwoodFantasyVillage/Textures/Landscape/T_Rock_n.ubulk" 901
"C:/Users/Owner/Documents/Unreal Projects/Halloween/Content/GreenwoodFantasyVillage/Textures/Landscape/T_Rock_n.uasset" 902
"C:/Users/Owner/Documents/Unreal Projects/Halloween/Content/GreenwoodFantasyVillage/Textures/Landscape/T_Rock_n.uexp" 903
"C:/Users/Owner/Documents/Unreal Projects/Halloween/Content/GreenwoodFantasyVillage/Textures/Landscape/T_Grass_n.ubulk" 904
"C:/Users/Owner/Documents/Unreal Projects/Halloween/Content/GreenwoodFantasyVillage/Textures/Landscape/T_Grass_n.uasset" 905
"C:/Users/Owner/Documents/Unreal Projects/Halloween/Content/GreenwoodFantasyVillage/Textures/Landscape/T_Grass_n.uexp" 906
"C:/Users/Owner/Documents/Unreal Projects/Halloween/Content/GreenwoodFantasyVillage/Textures/Landscape/T_Ground_bc_r.ubulk" 907
"C:/Users/Owner/Documents/Unreal Projects/Halloween/Content/GreenwoodFantasyVillage/Textures/Landscape/T_Ground_bc_r.uasset" 908
"C:/Users/Owner/Documents/Unreal Projects/Halloween/Content/GreenwoodFantasyVillage/Textures/Landscape/T_Ground_bc_r.uexp" 909
"C:/Users/Owner/Documents/Unreal Projects/Halloween/Content/GreenwoodFantasyVillage/Textures/Landscape/T_Soil_bc_r.ubulk" 910
"C:/Users/Owner/Documents/Unreal Projects/Halloween/Content/GreenwoodFantasyVillage/Textures/Landscape/T_Soil_bc_r.uasset" 911
"C:/Users/Owner/Documents/Unreal Projects/Halloween/Content/GreenwoodFantasyVillage/Textures/Landscape/T_Soil_bc_r.uexp" 912
"../../../Engine/Content/Functions/Engine_MaterialFunctions02/Texturing/WorldPositionWithScale.uasset" 913
"../../../Engine/Content/Functions/Engine_MaterialFunctions02/Texturing/WorldPositionWithScale.uexp" 914
"C:/Users/Owner/Documents/Unreal Projects/Halloween/Content/GreenwoodFantasyVillage/Materials/MasterMaterials/M_TriplanarVertexBlend.uasset" 915
"C:/Users/Owner/Documents/Unreal Projects/Halloween/Content/GreenwoodFantasyVillage/Materials/MasterMaterials/M_TriplanarVertexBlend.uexp" 916
"C:/Users/Owner/Documents/Unreal Projects/Halloween/Content/GreenwoodFantasyVillage/Materials/MI_Landscape.uasset" 917
"C:/Users/Owner/Documents/Unreal Projects/Halloween/Content/GreenwoodFantasyVillage/Materials/MI_Landscape.uexp" 918
"C:/Users/Owner/Documents/Unreal Projects/Halloween/Content/GreenwoodFantasyVillage/Meshes/LandscapeModules/SM_Ground_8m_Cliff.ubulk" 919
"C:/Users/Owner/Documents/Unreal Projects/Halloween/Content/GreenwoodFantasyVillage/Meshes/LandscapeModules/SM_Ground_8m_Cliff.uasset" 920
"C:/Users/Owner/Documents/Unreal Projects/Halloween/Content/GreenwoodFantasyVillage/Meshes/LandscapeModules/SM_Ground_8m_Cliff.uexp" 921
"C:/Users/Owner/Documents/Unreal Projects/Halloween/Content/GreenwoodFantasyVillage/Meshes/LandscapeModules/SM_Ground_16m_CliffCornerInside.ubulk" 922
"C:/Users/Owner/Documents/Unreal Projects/Halloween/Content/GreenwoodFantasyVillage/Meshes/LandscapeModules/SM_Ground_16m_CliffCornerInside.uasset" 923
"C:/Users/Owner/Documents/Unreal Projects/Halloween/Content/GreenwoodFantasyVillage/Meshes/LandscapeModules/SM_Ground_16m_CliffCornerInside.uexp" 924
"C:/Users/Owner/Documents/Unreal Projects/Halloween/Content/LevelPrototyping/Textures/T_GridChecker_A.ubulk" 925
"C:/Users/Owner/Documents/Unreal Projects/Halloween/Content/LevelPrototyping/Textures/T_GridChecker_A.uasset" 926
"C:/Users/Owner/Documents/Unreal Projects/Halloween/Content/LevelPrototyping/Textures/T_GridChecker_A.uexp" 927
"../../../Engine/Content/Functions/Engine_MaterialFunctions01/Gradient/LinearGradient.uasset" 928
"../../../Engine/Content/Functions/Engine_MaterialFunctions01/Gradient/LinearGradient.uexp" 929
"../../../Engine/Content/Functions/Engine_MaterialFunctions01/ImageAdjustment/CheapContrast.uasset" 930
"../../../Engine/Content/Functions/Engine_MaterialFunctions01/ImageAdjustment/CheapContrast.uexp" 931
"C:/Users/Owner/Documents/Unreal Projects/Halloween/Content/LevelPrototyping/Materials/MF_ProcGrid.uasset" 932
"C:/Users/Owner/Documents/Unreal Projects/Halloween/Content/LevelPrototyping/Materials/MF_ProcGrid.uexp" 933
"C:/Users/Owner/Documents/Unreal Projects/Halloween/Content/LevelPrototyping/Materials/M_PrototypeGrid.uasset" 934
"C:/Users/Owner/Documents/Unreal Projects/Halloween/Content/LevelPrototyping/Materials/M_PrototypeGrid.uexp" 935
"C:/Users/Owner/Documents/Unreal Projects/Halloween/Content/LevelPrototyping/Materials/MI_PrototypeGrid_Gray.uasset" 936
"C:/Users/Owner/Documents/Unreal Projects/Halloween/Content/LevelPrototyping/Materials/MI_PrototypeGrid_Gray.uexp" 937
"C:/Users/Owner/Documents/Unreal Projects/Halloween/Content/LevelPrototyping/Meshes/SM_Cube.ubulk" 938
"C:/Users/Owner/Documents/Unreal Projects/Halloween/Content/LevelPrototyping/Meshes/SM_Cube.uasset" 939
"C:/Users/Owner/Documents/Unreal Projects/Halloween/Content/LevelPrototyping/Meshes/SM_Cube.uexp" 940
"../../../Engine/Content/Maps/Entry_BuiltData.uasset" 941
"../../../Engine/Content/Maps/Entry_BuiltData.uexp" 942
"../../../Engine/Content/Maps/Entry.uexp" 943
"../../../Engine/Content/Maps/Entry.umap" 944
"../../../Engine/Content/Maps/Templates/HLODs/HLODLayer_Instanced.uasset" 945
"../../../Engine/Content/Maps/Templates/HLODs/HLODLayer_Instanced.uexp" 946
"C:/Users/Owner/Documents/Unreal Projects/Halloween/Content/ThirdPerson/Blueprints/BP_ThirdPersonGameMode.uasset" 947
"C:/Users/Owner/Documents/Unreal Projects/Halloween/Content/ThirdPerson/Blueprints/BP_ThirdPersonGameMode.uexp" 948
"C:/Users/Owner/Documents/Unreal Projects/Halloween/Content/ThirdPerson/Maps/ThirdPersonMap.uexp" 949
"C:/Users/Owner/Documents/Unreal Projects/Halloween/Content/ThirdPerson/Maps/ThirdPersonMap.umap" 950
